{"/home/agervais/sites/rd-london-template/src/proptypes.js": {"path":"/home/agervais/sites/rd-london-template/src/proptypes.js","statementMap":{"0":{"start":{"line":3,"column":38},"end":{"line":24,"column":2}}},"fnMap":{},"branchMap":{},"s":{"0":4},"f":{},"b":{},"_coverageSchema":"1a1c01bbd47fc00a2c39e90264f33305004495a9","hash":"15ac42411377ace5b80f05374a0d0f0c771f930f"}
,"/home/agervais/sites/rd-london-template/src/utils.js": {"path":"/home/agervais/sites/rd-london-template/src/utils.js","statementMap":{"0":{"start":{"line":4,"column":16},"end":{"line":6,"column":3}},"1":{"start":{"line":7,"column":2},"end":{"line":7,"column":55}},"2":{"start":{"line":7,"column":43},"end":{"line":7,"column":55}},"3":{"start":{"line":8,"column":17},"end":{"line":8,"column":35}},"4":{"start":{"line":9,"column":2},"end":{"line":9,"column":68}},"5":{"start":{"line":23,"column":6},"end":{"line":23,"column":25}},"6":{"start":{"line":25,"column":33},"end":{"line":29,"column":3}},"7":{"start":{"line":31,"column":2},"end":{"line":42,"column":3}},"8":{"start":{"line":47,"column":4},"end":{"line":49,"column":12}},"9":{"start":{"line":50,"column":18},"end":{"line":50,"column":40}},"10":{"start":{"line":52,"column":4},"end":{"line":54,"column":12}},"11":{"start":{"line":56,"column":17},"end":{"line":58,"column":3}},"12":{"start":{"line":59,"column":2},"end":{"line":60,"column":62}},"13":{"start":{"line":61,"column":2},"end":{"line":61,"column":15}},"14":{"start":{"line":65,"column":2},"end":{"line":67,"column":3}},"15":{"start":{"line":66,"column":4},"end":{"line":66,"column":15}},"16":{"start":{"line":68,"column":2},"end":{"line":71,"column":17}},"17":{"start":{"line":70,"column":19},"end":{"line":70,"column":20}}},"fnMap":{"0":{"name":"isValidRGBA","decl":{"start":{"line":3,"column":16},"end":{"line":3,"column":27}},"loc":{"start":{"line":3,"column":35},"end":{"line":10,"column":1}},"line":3},"1":{"name":"seoProps","decl":{"start":{"line":12,"column":16},"end":{"line":12,"column":24}},"loc":{"start":{"line":12,"column":31},"end":{"line":43,"column":1}},"line":12},"2":{"name":"getValidDates","decl":{"start":{"line":45,"column":16},"end":{"line":45,"column":29}},"loc":{"start":{"line":45,"column":67},"end":{"line":62,"column":1}},"line":45},"3":{"name":"addTrailingSlash","decl":{"start":{"line":64,"column":16},"end":{"line":64,"column":32}},"loc":{"start":{"line":64,"column":39},"end":{"line":72,"column":1}},"line":64},"4":{"name":"(anonymous_4)","decl":{"start":{"line":70,"column":12},"end":{"line":70,"column":13}},"loc":{"start":{"line":70,"column":19},"end":{"line":70,"column":20}},"line":70}},"branchMap":{"0":{"loc":{"start":{"line":7,"column":2},"end":{"line":7,"column":55}},"type":"if","locations":[{"start":{"line":7,"column":2},"end":{"line":7,"column":55}},{"start":{"line":7,"column":2},"end":{"line":7,"column":55}}],"line":7},"1":{"loc":{"start":{"line":7,"column":6},"end":{"line":7,"column":41}},"type":"binary-expr","locations":[{"start":{"line":7,"column":6},"end":{"line":7,"column":12}},{"start":{"line":7,"column":16},"end":{"line":7,"column":41}}],"line":7},"2":{"loc":{"start":{"line":9,"column":9},"end":{"line":9,"column":68}},"type":"binary-expr","locations":[{"start":{"line":9,"column":9},"end":{"line":9,"column":24}},{"start":{"line":9,"column":28},"end":{"line":9,"column":49}},{"start":{"line":9,"column":53},"end":{"line":9,"column":68}}],"line":9},"3":{"loc":{"start":{"line":36,"column":6},"end":{"line":36,"column":67}},"type":"cond-expr","locations":[{"start":{"line":36,"column":47},"end":{"line":36,"column":60}},{"start":{"line":36,"column":63},"end":{"line":36,"column":67}}],"line":36},"4":{"loc":{"start":{"line":36,"column":6},"end":{"line":36,"column":44}},"type":"binary-expr","locations":[{"start":{"line":36,"column":6},"end":{"line":36,"column":21}},{"start":{"line":36,"column":25},"end":{"line":36,"column":44}}],"line":36},"5":{"loc":{"start":{"line":47,"column":4},"end":{"line":49,"column":12}},"type":"cond-expr","locations":[{"start":{"line":48,"column":8},"end":{"line":48,"column":35}},{"start":{"line":49,"column":8},"end":{"line":49,"column":12}}],"line":47},"6":{"loc":{"start":{"line":47,"column":4},"end":{"line":47,"column":72}},"type":"binary-expr","locations":[{"start":{"line":47,"column":4},"end":{"line":47,"column":10}},{"start":{"line":47,"column":14},"end":{"line":47,"column":38}},{"start":{"line":47,"column":42},"end":{"line":47,"column":72}}],"line":47},"7":{"loc":{"start":{"line":52,"column":4},"end":{"line":54,"column":12}},"type":"cond-expr","locations":[{"start":{"line":53,"column":8},"end":{"line":53,"column":29}},{"start":{"line":54,"column":8},"end":{"line":54,"column":12}}],"line":52},"8":{"loc":{"start":{"line":52,"column":4},"end":{"line":52,"column":55}},"type":"binary-expr","locations":[{"start":{"line":52,"column":4},"end":{"line":52,"column":19}},{"start":{"line":52,"column":23},"end":{"line":52,"column":55}}],"line":52},"9":{"loc":{"start":{"line":57,"column":10},"end":{"line":57,"column":54}},"type":"cond-expr","locations":[{"start":{"line":57,"column":39},"end":{"line":57,"column":44}},{"start":{"line":57,"column":47},"end":{"line":57,"column":54}}],"line":57},"10":{"loc":{"start":{"line":57,"column":10},"end":{"line":57,"column":36}},"type":"binary-expr","locations":[{"start":{"line":57,"column":10},"end":{"line":57,"column":17}},{"start":{"line":57,"column":21},"end":{"line":57,"column":36}}],"line":57},"11":{"loc":{"start":{"line":60,"column":4},"end":{"line":60,"column":62}},"type":"cond-expr","locations":[{"start":{"line":60,"column":39},"end":{"line":60,"column":48}},{"start":{"line":60,"column":51},"end":{"line":60,"column":62}}],"line":60},"12":{"loc":{"start":{"line":60,"column":4},"end":{"line":60,"column":36}},"type":"binary-expr","locations":[{"start":{"line":60,"column":4},"end":{"line":60,"column":13}},{"start":{"line":60,"column":17},"end":{"line":60,"column":36}}],"line":60},"13":{"loc":{"start":{"line":65,"column":2},"end":{"line":67,"column":3}},"type":"if","locations":[{"start":{"line":65,"column":2},"end":{"line":67,"column":3}},{"start":{"line":65,"column":2},"end":{"line":67,"column":3}}],"line":65}},"s":{"0":12,"1":12,"2":7,"3":5,"4":5,"5":1,"6":1,"7":1,"8":7,"9":7,"10":7,"11":7,"12":7,"13":7,"14":12,"15":1,"16":11,"17":24},"f":{"0":12,"1":1,"2":7,"3":12,"4":24},"b":{"0":[7,5],"1":[12,6],"2":[5,3,3],"3":[0,1],"4":[1,0],"5":[6,1],"6":[7,6,6],"7":[6,1],"8":[7,6],"9":[6,1],"10":[7,6],"11":[6,1],"12":[7,6],"13":[1,11]},"_coverageSchema":"1a1c01bbd47fc00a2c39e90264f33305004495a9","hash":"fcc4b6d9b849d3596adfac1b5acfa2b485360762"}
,"/home/agervais/sites/rd-london-template/src/cms/utils.js": {"path":"/home/agervais/sites/rd-london-template/src/cms/utils.js","statementMap":{"0":{"start":{"line":4,"column":22},"end":{"line":5,"column":71}},"1":{"start":{"line":5,"column":2},"end":{"line":5,"column":71}},"2":{"start":{"line":7,"column":27},"end":{"line":12,"column":1}},"3":{"start":{"line":8,"column":2},"end":{"line":10,"column":3}},"4":{"start":{"line":9,"column":4},"end":{"line":9,"column":10}},"5":{"start":{"line":11,"column":2},"end":{"line":11,"column":37}}},"fnMap":{"0":{"name":"(anonymous_0)","decl":{"start":{"line":4,"column":22},"end":{"line":4,"column":23}},"loc":{"start":{"line":5,"column":2},"end":{"line":5,"column":71}},"line":5},"1":{"name":"(anonymous_1)","decl":{"start":{"line":7,"column":27},"end":{"line":7,"column":28}},"loc":{"start":{"line":7,"column":37},"end":{"line":12,"column":1}},"line":7}},"branchMap":{"0":{"loc":{"start":{"line":5,"column":2},"end":{"line":5,"column":71}},"type":"cond-expr","locations":[{"start":{"line":5,"column":12},"end":{"line":5,"column":66}},{"start":{"line":5,"column":69},"end":{"line":5,"column":71}}],"line":5},"1":{"loc":{"start":{"line":8,"column":2},"end":{"line":10,"column":3}},"type":"if","locations":[{"start":{"line":8,"column":2},"end":{"line":10,"column":3}},{"start":{"line":8,"column":2},"end":{"line":10,"column":3}}],"line":8},"2":{"loc":{"start":{"line":8,"column":6},"end":{"line":8,"column":25}},"type":"binary-expr","locations":[{"start":{"line":8,"column":6},"end":{"line":8,"column":11}},{"start":{"line":8,"column":15},"end":{"line":8,"column":25}}],"line":8}},"s":{"0":1,"1":1,"2":1,"3":3,"4":2,"5":1},"f":{"0":1,"1":3},"b":{"0":[1,0],"1":[2,1],"2":[3,2]},"_coverageSchema":"1a1c01bbd47fc00a2c39e90264f33305004495a9","hash":"79df9e400e28230da1034bcc10fc3126b4b08638"}
,"/home/agervais/sites/rd-london-template/src/components/ContactForm.js": {"path":"/home/agervais/sites/rd-london-template/src/components/ContactForm.js","statementMap":{"0":{"start":{"line":8,"column":2},"end":{"line":10,"column":14}},"1":{"start":{"line":9,"column":18},"end":{"line":9,"column":79}},"2":{"start":{"line":13,"column":25},"end":{"line":18,"column":1}},"3":{"start":{"line":20,"column":20},"end":{"line":132,"column":1}},"4":{"start":{"line":21,"column":19},"end":{"line":21,"column":27}},"5":{"start":{"line":22,"column":30},"end":{"line":28,"column":4}},"6":{"start":{"line":29,"column":41},"end":{"line":29,"column":60}},"7":{"start":{"line":31,"column":21},"end":{"line":37,"column":14}},"8":{"start":{"line":36,"column":22},"end":{"line":36,"column":26}},"9":{"start":{"line":38,"column":18},"end":{"line":38,"column":73}},"10":{"start":{"line":40,"column":23},"end":{"line":45,"column":3}},"11":{"start":{"line":41,"column":17},"end":{"line":41,"column":36}},"12":{"start":{"line":42,"column":34},"end":{"line":42,"column":42}},"13":{"start":{"line":43,"column":4},"end":{"line":43,"column":58}},"14":{"start":{"line":44,"column":4},"end":{"line":44,"column":19}},"15":{"start":{"line":47,"column":23},"end":{"line":68,"column":3}},"16":{"start":{"line":48,"column":4},"end":{"line":48,"column":22}},"17":{"start":{"line":49,"column":4},"end":{"line":49,"column":30}},"18":{"start":{"line":49,"column":19},"end":{"line":49,"column":30}},"19":{"start":{"line":50,"column":4},"end":{"line":50,"column":39}},"20":{"start":{"line":50,"column":28},"end":{"line":50,"column":39}},"21":{"start":{"line":51,"column":4},"end":{"line":51,"column":31}},"22":{"start":{"line":52,"column":17},"end":{"line":52,"column":25}},"23":{"start":{"line":53,"column":4},"end":{"line":67,"column":8}},"24":{"start":{"line":62,"column":24},"end":{"line":62,"column":72}},"25":{"start":{"line":63,"column":8},"end":{"line":63,"column":55}},"26":{"start":{"line":66,"column":8},"end":{"line":66,"column":33}},"27":{"start":{"line":69,"column":2},"end":{"line":131,"column":3}},"28":{"start":{"line":134,"column":0},"end":{"line":142,"column":1}}},"fnMap":{"0":{"name":"encode","decl":{"start":{"line":7,"column":9},"end":{"line":7,"column":15}},"loc":{"start":{"line":7,"column":22},"end":{"line":11,"column":1}},"line":7},"1":{"name":"(anonymous_1)","decl":{"start":{"line":9,"column":9},"end":{"line":9,"column":10}},"loc":{"start":{"line":9,"column":18},"end":{"line":9,"column":79}},"line":9},"2":{"name":"(anonymous_2)","decl":{"start":{"line":20,"column":20},"end":{"line":20,"column":21}},"loc":{"start":{"line":20,"column":49},"end":{"line":132,"column":1}},"line":20},"3":{"name":"(anonymous_3)","decl":{"start":{"line":36,"column":12},"end":{"line":36,"column":13}},"loc":{"start":{"line":36,"column":22},"end":{"line":36,"column":26}},"line":36},"4":{"name":"(anonymous_4)","decl":{"start":{"line":40,"column":23},"end":{"line":40,"column":24}},"loc":{"start":{"line":40,"column":30},"end":{"line":45,"column":3}},"line":40},"5":{"name":"(anonymous_5)","decl":{"start":{"line":47,"column":23},"end":{"line":47,"column":24}},"loc":{"start":{"line":47,"column":30},"end":{"line":68,"column":3}},"line":47},"6":{"name":"(anonymous_6)","decl":{"start":{"line":61,"column":12},"end":{"line":61,"column":13}},"loc":{"start":{"line":61,"column":24},"end":{"line":64,"column":7}},"line":61},"7":{"name":"(anonymous_7)","decl":{"start":{"line":65,"column":13},"end":{"line":65,"column":14}},"loc":{"start":{"line":65,"column":19},"end":{"line":67,"column":7}},"line":65}},"branchMap":{"0":{"loc":{"start":{"line":34,"column":4},"end":{"line":34,"column":46}},"type":"cond-expr","locations":[{"start":{"line":34,"column":31},"end":{"line":34,"column":41}},{"start":{"line":34,"column":44},"end":{"line":34,"column":46}}],"line":34},"1":{"loc":{"start":{"line":38,"column":18},"end":{"line":38,"column":73}},"type":"cond-expr","locations":[{"start":{"line":38,"column":45},"end":{"line":38,"column":55}},{"start":{"line":38,"column":58},"end":{"line":38,"column":73}}],"line":38},"2":{"loc":{"start":{"line":43,"column":17},"end":{"line":43,"column":58}},"type":"cond-expr","locations":[{"start":{"line":43,"column":39},"end":{"line":43,"column":50}},{"start":{"line":43,"column":53},"end":{"line":43,"column":58}}],"line":43},"3":{"loc":{"start":{"line":49,"column":4},"end":{"line":49,"column":30}},"type":"if","locations":[{"start":{"line":49,"column":4},"end":{"line":49,"column":30}},{"start":{"line":49,"column":4},"end":{"line":49,"column":30}}],"line":49},"4":{"loc":{"start":{"line":50,"column":4},"end":{"line":50,"column":39}},"type":"if","locations":[{"start":{"line":50,"column":4},"end":{"line":50,"column":39}},{"start":{"line":50,"column":4},"end":{"line":50,"column":39}}],"line":50},"5":{"loc":{"start":{"line":62,"column":24},"end":{"line":62,"column":72}},"type":"binary-expr","locations":[{"start":{"line":62,"column":24},"end":{"line":62,"column":30}},{"start":{"line":62,"column":34},"end":{"line":62,"column":47}},{"start":{"line":62,"column":51},"end":{"line":62,"column":72}}],"line":62},"6":{"loc":{"start":{"line":63,"column":25},"end":{"line":63,"column":54}},"type":"cond-expr","locations":[{"start":{"line":63,"column":35},"end":{"line":63,"column":44}},{"start":{"line":63,"column":47},"end":{"line":63,"column":54}}],"line":63}},"s":{"0":3,"1":14,"2":1,"3":1,"4":12,"5":12,"6":12,"7":12,"8":36,"9":12,"10":12,"11":2,"12":2,"13":2,"14":2,"15":12,"16":4,"17":4,"18":1,"19":3,"20":1,"21":2,"22":2,"23":2,"24":1,"25":1,"26":1,"27":12,"28":1},"f":{"0":3,"1":14,"2":12,"3":36,"4":2,"5":4,"6":1,"7":1},"b":{"0":[2,10],"1":[1,11],"2":[0,2],"3":[1,3],"4":[1,2],"5":[1,1,1],"6":[1,0]},"_coverageSchema":"1a1c01bbd47fc00a2c39e90264f33305004495a9","hash":"e3704b46a6cbe352c484a071559d572a22d3cf4a"}
,"/home/agervais/sites/rd-london-template/src/components/ExtraContent.js": {"path":"/home/agervais/sites/rd-london-template/src/components/ExtraContent.js","statementMap":{"0":{"start":{"line":6,"column":21},"end":{"line":23,"column":1}},"1":{"start":{"line":7,"column":24},"end":{"line":7,"column":56}},"2":{"start":{"line":8,"column":2},"end":{"line":22,"column":3}},"3":{"start":{"line":25,"column":0},"end":{"line":29,"column":1}}},"fnMap":{"0":{"name":"(anonymous_0)","decl":{"start":{"line":6,"column":21},"end":{"line":6,"column":22}},"loc":{"start":{"line":6,"column":58},"end":{"line":23,"column":1}},"line":6}},"branchMap":{"0":{"loc":{"start":{"line":12,"column":8},"end":{"line":12,"column":46}},"type":"cond-expr","locations":[{"start":{"line":12,"column":17},"end":{"line":12,"column":34}},{"start":{"line":12,"column":37},"end":{"line":12,"column":46}}],"line":12}},"s":{"0":1,"1":5,"2":5,"3":1},"f":{"0":5},"b":{"0":[1,4]},"_coverageSchema":"1a1c01bbd47fc00a2c39e90264f33305004495a9","hash":"0a737155eb083beed8a61b77fcd38ee400b21813"}
,"/home/agervais/sites/rd-london-template/src/components/Fonts.js": {"path":"/home/agervais/sites/rd-london-template/src/components/Fonts.js","statementMap":{"0":{"start":{"line":5,"column":17},"end":{"line":1024,"column":1}},"1":{"start":{"line":1026,"column":14},"end":{"line":1035,"column":1}},"2":{"start":{"line":1027,"column":2},"end":{"line":1034,"column":11}},"3":{"start":{"line":1031,"column":24},"end":{"line":1031,"column":56}},"4":{"start":{"line":1037,"column":0},"end":{"line":1039,"column":1}}},"fnMap":{"0":{"name":"(anonymous_0)","decl":{"start":{"line":1026,"column":14},"end":{"line":1026,"column":15}},"loc":{"start":{"line":1027,"column":2},"end":{"line":1034,"column":11}},"line":1027},"1":{"name":"(anonymous_1)","decl":{"start":{"line":1031,"column":13},"end":{"line":1031,"column":14}},"loc":{"start":{"line":1031,"column":24},"end":{"line":1031,"column":56}},"line":1031}},"branchMap":{},"s":{"0":1,"1":1,"2":5,"3":112,"4":1},"f":{"0":5,"1":112},"b":{},"_coverageSchema":"1a1c01bbd47fc00a2c39e90264f33305004495a9","hash":"7ecaec8ac70a1a779931a417abf4928a4c550be7"}
,"/home/agervais/sites/rd-london-template/src/components/HTMLContent.js": {"path":"/home/agervais/sites/rd-london-template/src/components/HTMLContent.js","statementMap":{"0":{"start":{"line":9,"column":17},"end":{"line":9,"column":56}},"1":{"start":{"line":9,"column":54},"end":{"line":9,"column":55}},"2":{"start":{"line":10,"column":17},"end":{"line":10,"column":19}},"3":{"start":{"line":11,"column":2},"end":{"line":13,"column":3}},"4":{"start":{"line":12,"column":4},"end":{"line":12,"column":17}},"5":{"start":{"line":14,"column":2},"end":{"line":23,"column":4}},"6":{"start":{"line":15,"column":26},"end":{"line":15,"column":63}},"7":{"start":{"line":15,"column":54},"end":{"line":15,"column":62}},"8":{"start":{"line":16,"column":19},"end":{"line":21,"column":15}},"9":{"start":{"line":19,"column":8},"end":{"line":19,"column":69}},"10":{"start":{"line":22,"column":4},"end":{"line":22,"column":26}},"11":{"start":{"line":24,"column":2},"end":{"line":24,"column":15}},"12":{"start":{"line":28,"column":16},"end":{"line":28,"column":29}},"13":{"start":{"line":29,"column":2},"end":{"line":31,"column":3}},"14":{"start":{"line":30,"column":4},"end":{"line":30,"column":16}},"15":{"start":{"line":32,"column":2},"end":{"line":39,"column":4}},"16":{"start":{"line":33,"column":4},"end":{"line":38,"column":5}},"17":{"start":{"line":34,"column":21},"end":{"line":34,"column":49}},"18":{"start":{"line":35,"column":6},"end":{"line":35,"column":26}},"19":{"start":{"line":36,"column":11},"end":{"line":38,"column":5}},"20":{"start":{"line":37,"column":6},"end":{"line":37,"column":40}},"21":{"start":{"line":40,"column":2},"end":{"line":40,"column":14}},"22":{"start":{"line":44,"column":20},"end":{"line":44,"column":42}},"23":{"start":{"line":45,"column":19},"end":{"line":45,"column":34}},"24":{"start":{"line":46,"column":16},"end":{"line":46,"column":39}},"25":{"start":{"line":47,"column":19},"end":{"line":49,"column":6}},"26":{"start":{"line":48,"column":15},"end":{"line":48,"column":68}},"27":{"start":{"line":50,"column":2},"end":{"line":50,"column":77}},"28":{"start":{"line":51,"column":2},"end":{"line":53,"column":3}},"29":{"start":{"line":52,"column":4},"end":{"line":52,"column":33}},"30":{"start":{"line":54,"column":2},"end":{"line":58,"column":4}},"31":{"start":{"line":55,"column":4},"end":{"line":57,"column":5}},"32":{"start":{"line":56,"column":6},"end":{"line":56,"column":23}},"33":{"start":{"line":59,"column":2},"end":{"line":61,"column":3}},"34":{"start":{"line":60,"column":4},"end":{"line":60,"column":59}},"35":{"start":{"line":62,"column":2},"end":{"line":62,"column":77}},"36":{"start":{"line":66,"column":16},"end":{"line":66,"column":39}},"37":{"start":{"line":67,"column":2},"end":{"line":82,"column":3}},"38":{"start":{"line":70,"column":23},"end":{"line":70,"column":43}},"39":{"start":{"line":71,"column":8},"end":{"line":79,"column":9}},"40":{"start":{"line":85,"column":27},"end":{"line":119,"column":1}},"41":{"start":{"line":86,"column":16},"end":{"line":107,"column":4}},"42":{"start":{"line":90,"column":6},"end":{"line":92,"column":7}},"43":{"start":{"line":91,"column":8},"end":{"line":91,"column":35}},"44":{"start":{"line":94,"column":6},"end":{"line":105,"column":7}},"45":{"start":{"line":104,"column":8},"end":{"line":104,"column":46}},"46":{"start":{"line":109,"column":2},"end":{"line":118,"column":3}},"47":{"start":{"line":121,"column":0},"end":{"line":126,"column":1}}},"fnMap":{"0":{"name":"convertStyles","decl":{"start":{"line":8,"column":9},"end":{"line":8,"column":22}},"loc":{"start":{"line":8,"column":36},"end":{"line":25,"column":1}},"line":8},"1":{"name":"(anonymous_1)","decl":{"start":{"line":9,"column":47},"end":{"line":9,"column":48}},"loc":{"start":{"line":9,"column":54},"end":{"line":9,"column":55}},"line":9},"2":{"name":"(anonymous_2)","decl":{"start":{"line":14,"column":17},"end":{"line":14,"column":18}},"loc":{"start":{"line":14,"column":28},"end":{"line":23,"column":3}},"line":14},"3":{"name":"(anonymous_3)","decl":{"start":{"line":15,"column":47},"end":{"line":15,"column":48}},"loc":{"start":{"line":15,"column":54},"end":{"line":15,"column":62}},"line":15},"4":{"name":"(anonymous_4)","decl":{"start":{"line":18,"column":11},"end":{"line":18,"column":12}},"loc":{"start":{"line":19,"column":8},"end":{"line":19,"column":69}},"line":19},"5":{"name":"attribsToProps","decl":{"start":{"line":27,"column":9},"end":{"line":27,"column":23}},"loc":{"start":{"line":27,"column":33},"end":{"line":41,"column":1}},"line":27},"6":{"name":"(anonymous_6)","decl":{"start":{"line":32,"column":31},"end":{"line":32,"column":32}},"loc":{"start":{"line":32,"column":40},"end":{"line":39,"column":3}},"line":32},"7":{"name":"parseImg","decl":{"start":{"line":43,"column":9},"end":{"line":43,"column":17}},"loc":{"start":{"line":43,"column":35},"end":{"line":63,"column":1}},"line":43},"8":{"name":"(anonymous_8)","decl":{"start":{"line":48,"column":4},"end":{"line":48,"column":5}},"loc":{"start":{"line":48,"column":15},"end":{"line":48,"column":68}},"line":48},"9":{"name":"(anonymous_9)","decl":{"start":{"line":54,"column":29},"end":{"line":54,"column":30}},"loc":{"start":{"line":54,"column":38},"end":{"line":58,"column":3}},"line":54},"10":{"name":"parseIframe","decl":{"start":{"line":65,"column":9},"end":{"line":65,"column":20}},"loc":{"start":{"line":65,"column":30},"end":{"line":83,"column":1}},"line":65},"11":{"name":"(anonymous_11)","decl":{"start":{"line":69,"column":7},"end":{"line":69,"column":8}},"loc":{"start":{"line":69,"column":28},"end":{"line":80,"column":7}},"line":69},"12":{"name":"(anonymous_12)","decl":{"start":{"line":85,"column":27},"end":{"line":85,"column":28}},"loc":{"start":{"line":85,"column":76},"end":{"line":119,"column":1}},"line":85},"13":{"name":"(anonymous_13)","decl":{"start":{"line":88,"column":13},"end":{"line":88,"column":14}},"loc":{"start":{"line":88,"column":36},"end":{"line":106,"column":5}},"line":88}},"branchMap":{"0":{"loc":{"start":{"line":11,"column":2},"end":{"line":13,"column":3}},"type":"if","locations":[{"start":{"line":11,"column":2},"end":{"line":13,"column":3}},{"start":{"line":11,"column":2},"end":{"line":13,"column":3}}],"line":11},"1":{"loc":{"start":{"line":19,"column":8},"end":{"line":19,"column":69}},"type":"cond-expr","locations":[{"start":{"line":19,"column":18},"end":{"line":19,"column":22}},{"start":{"line":19,"column":25},"end":{"line":19,"column":69}}],"line":19},"2":{"loc":{"start":{"line":29,"column":2},"end":{"line":31,"column":3}},"type":"if","locations":[{"start":{"line":29,"column":2},"end":{"line":31,"column":3}},{"start":{"line":29,"column":2},"end":{"line":31,"column":3}}],"line":29},"3":{"loc":{"start":{"line":33,"column":4},"end":{"line":38,"column":5}},"type":"if","locations":[{"start":{"line":33,"column":4},"end":{"line":38,"column":5}},{"start":{"line":33,"column":4},"end":{"line":38,"column":5}}],"line":33},"4":{"loc":{"start":{"line":36,"column":11},"end":{"line":38,"column":5}},"type":"if","locations":[{"start":{"line":36,"column":11},"end":{"line":38,"column":5}},{"start":{"line":36,"column":11},"end":{"line":38,"column":5}}],"line":36},"5":{"loc":{"start":{"line":51,"column":2},"end":{"line":53,"column":3}},"type":"if","locations":[{"start":{"line":51,"column":2},"end":{"line":53,"column":3}},{"start":{"line":51,"column":2},"end":{"line":53,"column":3}}],"line":51},"6":{"loc":{"start":{"line":55,"column":4},"end":{"line":57,"column":5}},"type":"if","locations":[{"start":{"line":55,"column":4},"end":{"line":57,"column":5}},{"start":{"line":55,"column":4},"end":{"line":57,"column":5}}],"line":55},"7":{"loc":{"start":{"line":59,"column":2},"end":{"line":61,"column":3}},"type":"if","locations":[{"start":{"line":59,"column":2},"end":{"line":61,"column":3}},{"start":{"line":59,"column":2},"end":{"line":61,"column":3}}],"line":59},"8":{"loc":{"start":{"line":75,"column":17},"end":{"line":75,"column":37}},"type":"cond-expr","locations":[{"start":{"line":75,"column":26},"end":{"line":75,"column":32}},{"start":{"line":75,"column":35},"end":{"line":75,"column":37}}],"line":75},"9":{"loc":{"start":{"line":76,"column":19},"end":{"line":76,"column":71}},"type":"cond-expr","locations":[{"start":{"line":76,"column":37},"end":{"line":76,"column":50}},{"start":{"line":76,"column":53},"end":{"line":76,"column":71}}],"line":76},"10":{"loc":{"start":{"line":90,"column":6},"end":{"line":92,"column":7}},"type":"if","locations":[{"start":{"line":90,"column":6},"end":{"line":92,"column":7}},{"start":{"line":90,"column":6},"end":{"line":92,"column":7}}],"line":90},"11":{"loc":{"start":{"line":94,"column":6},"end":{"line":105,"column":7}},"type":"if","locations":[{"start":{"line":94,"column":6},"end":{"line":105,"column":7}},{"start":{"line":94,"column":6},"end":{"line":105,"column":7}}],"line":94},"12":{"loc":{"start":{"line":95,"column":8},"end":{"line":102,"column":36}},"type":"binary-expr","locations":[{"start":{"line":95,"column":8},"end":{"line":95,"column":22}},{"start":{"line":96,"column":9},"end":{"line":96,"column":30}},{"start":{"line":96,"column":34},"end":{"line":96,"column":76}},{"start":{"line":97,"column":8},"end":{"line":97,"column":19}},{"start":{"line":98,"column":9},"end":{"line":98,"column":43}},{"start":{"line":99,"column":10},"end":{"line":99,"column":44}},{"start":{"line":100,"column":8},"end":{"line":100,"column":22}},{"start":{"line":101,"column":8},"end":{"line":101,"column":29}},{"start":{"line":102,"column":8},"end":{"line":102,"column":36}}],"line":95},"13":{"loc":{"start":{"line":109,"column":9},"end":{"line":118,"column":3}},"type":"cond-expr","locations":[{"start":{"line":110,"column":4},"end":{"line":115,"column":10}},{"start":{"line":117,"column":4},"end":{"line":117,"column":9}}],"line":109},"14":{"loc":{"start":{"line":109,"column":9},"end":{"line":109,"column":31}},"type":"binary-expr","locations":[{"start":{"line":109,"column":9},"end":{"line":109,"column":20}},{"start":{"line":109,"column":24},"end":{"line":109,"column":31}}],"line":109},"15":{"loc":{"start":{"line":111,"column":17},"end":{"line":111,"column":52}},"type":"cond-expr","locations":[{"start":{"line":111,"column":31},"end":{"line":111,"column":40}},{"start":{"line":111,"column":43},"end":{"line":111,"column":52}}],"line":111},"16":{"loc":{"start":{"line":112,"column":13},"end":{"line":112,"column":71}},"type":"cond-expr","locations":[{"start":{"line":112,"column":54},"end":{"line":112,"column":59}},{"start":{"line":112,"column":62},"end":{"line":112,"column":71}}],"line":112},"17":{"loc":{"start":{"line":112,"column":13},"end":{"line":112,"column":51}},"type":"binary-expr","locations":[{"start":{"line":112,"column":13},"end":{"line":112,"column":20}},{"start":{"line":112,"column":24},"end":{"line":112,"column":51}}],"line":112}},"s":{"0":3,"1":6,"2":3,"3":3,"4":1,"5":2,"6":5,"7":10,"8":5,"9":8,"10":5,"11":2,"12":5,"13":5,"14":1,"15":4,"16":11,"17":1,"18":1,"19":10,"20":7,"21":4,"22":3,"23":2,"24":2,"25":2,"26":4,"27":2,"28":2,"29":2,"30":2,"31":7,"32":2,"33":2,"34":1,"35":2,"36":2,"37":2,"38":3,"39":3,"40":1,"41":5,"42":7,"43":1,"44":6,"45":1,"46":5,"47":1},"f":{"0":3,"1":6,"2":5,"3":10,"4":8,"5":5,"6":11,"7":3,"8":4,"9":7,"10":2,"11":3,"12":5,"13":7},"b":{"0":[1,2],"1":[5,3],"2":[1,4],"3":[1,10],"4":[7,3],"5":[2,0],"6":[2,5],"7":[1,1],"8":[1,2],"9":[0,3],"10":[1,6],"11":[1,5],"12":[6,2,0,2,2,0,2,2,1],"13":[5,0],"14":[5,0],"15":[5,0],"16":[1,4],"17":[5,5]},"_coverageSchema":"1a1c01bbd47fc00a2c39e90264f33305004495a9","hash":"74c801d13b002e8da0966f828d68b12d588ccc97"}
,"/home/agervais/sites/rd-london-template/src/components/InlineBackgroundImage.js": {"path":"/home/agervais/sites/rd-london-template/src/components/InlineBackgroundImage.js","statementMap":{"0":{"start":{"line":6,"column":30},"end":{"line":86,"column":1}},"1":{"start":{"line":17,"column":19},"end":{"line":17,"column":34}},"2":{"start":{"line":18,"column":23},"end":{"line":18,"column":35}},"3":{"start":{"line":20,"column":24},"end":{"line":27,"column":3}},"4":{"start":{"line":29,"column":26},"end":{"line":39,"column":3}},"5":{"start":{"line":42,"column":4},"end":{"line":63,"column":5}},"6":{"start":{"line":65,"column":2},"end":{"line":85,"column":3}},"7":{"start":{"line":88,"column":0},"end":{"line":103,"column":1}}},"fnMap":{"0":{"name":"(anonymous_0)","decl":{"start":{"line":6,"column":30},"end":{"line":6,"column":31}},"loc":{"start":{"line":16,"column":6},"end":{"line":86,"column":1}},"line":16}},"branchMap":{"0":{"loc":{"start":{"line":18,"column":23},"end":{"line":18,"column":35}},"type":"binary-expr","locations":[{"start":{"line":18,"column":23},"end":{"line":18,"column":29}},{"start":{"line":18,"column":33},"end":{"line":18,"column":35}}],"line":18},"1":{"loc":{"start":{"line":30,"column":13},"end":{"line":30,"column":42}},"type":"cond-expr","locations":[{"start":{"line":30,"column":23},"end":{"line":30,"column":30}},{"start":{"line":30,"column":33},"end":{"line":30,"column":42}}],"line":30},"2":{"loc":{"start":{"line":33,"column":20},"end":{"line":33,"column":62}},"type":"cond-expr","locations":[{"start":{"line":33,"column":37},"end":{"line":33,"column":51}},{"start":{"line":33,"column":54},"end":{"line":33,"column":62}}],"line":33},"3":{"loc":{"start":{"line":42,"column":4},"end":{"line":63,"column":5}},"type":"cond-expr","locations":[{"start":{"line":43,"column":6},"end":{"line":48,"column":8}},{"start":{"line":49,"column":8},"end":{"line":63,"column":5}}],"line":42},"4":{"loc":{"start":{"line":42,"column":4},"end":{"line":42,"column":50}},"type":"binary-expr","locations":[{"start":{"line":42,"column":4},"end":{"line":42,"column":27}},{"start":{"line":42,"column":31},"end":{"line":42,"column":50}}],"line":42},"5":{"loc":{"start":{"line":49,"column":8},"end":{"line":63,"column":5}},"type":"cond-expr","locations":[{"start":{"line":50,"column":6},"end":{"line":55,"column":8}},{"start":{"line":57,"column":6},"end":{"line":62,"column":8}}],"line":49},"6":{"loc":{"start":{"line":72,"column":29},"end":{"line":74,"column":34}},"type":"cond-expr","locations":[{"start":{"line":73,"column":16},"end":{"line":73,"column":28}},{"start":{"line":74,"column":16},"end":{"line":74,"column":34}}],"line":72},"7":{"loc":{"start":{"line":79,"column":33},"end":{"line":79,"column":65}},"type":"cond-expr","locations":[{"start":{"line":79,"column":48},"end":{"line":79,"column":60}},{"start":{"line":79,"column":63},"end":{"line":79,"column":65}}],"line":79}},"s":{"0":1,"1":8,"2":8,"3":8,"4":8,"5":8,"6":8,"7":1},"f":{"0":8},"b":{"0":[8,8],"1":[0,8],"2":[0,8],"3":[5,3],"4":[8,5],"5":[2,1],"6":[1,7],"7":[0,8]},"_coverageSchema":"1a1c01bbd47fc00a2c39e90264f33305004495a9","hash":"f099f4d25de67a554c4a8ffaa76f282d99c01d23"}
,"/home/agervais/sites/rd-london-template/src/components/Layout.js": {"path":"/home/agervais/sites/rd-london-template/src/components/Layout.js","statementMap":{"0":{"start":{"line":13,"column":15},"end":{"line":69,"column":1}},"1":{"start":{"line":14,"column":36},"end":{"line":14,"column":51}},"2":{"start":{"line":22,"column":6},"end":{"line":22,"column":37}},"3":{"start":{"line":27,"column":6},"end":{"line":27,"column":19}},"4":{"start":{"line":29,"column":2},"end":{"line":68,"column":3}},"5":{"start":{"line":71,"column":0},"end":{"line":74,"column":1}}},"fnMap":{"0":{"name":"(anonymous_0)","decl":{"start":{"line":13,"column":15},"end":{"line":13,"column":16}},"loc":{"start":{"line":13,"column":43},"end":{"line":69,"column":1}},"line":13}},"branchMap":{"0":{"loc":{"start":{"line":32,"column":20},"end":{"line":32,"column":78}},"type":"cond-expr","locations":[{"start":{"line":32,"column":52},"end":{"line":32,"column":65}},{"start":{"line":32,"column":68},"end":{"line":32,"column":78}}],"line":32},"1":{"loc":{"start":{"line":35,"column":38},"end":{"line":35,"column":71}},"type":"cond-expr","locations":[{"start":{"line":35,"column":50},"end":{"line":35,"column":66}},{"start":{"line":35,"column":69},"end":{"line":35,"column":71}}],"line":35},"2":{"loc":{"start":{"line":43,"column":13},"end":{"line":52,"column":13}},"type":"binary-expr","locations":[{"start":{"line":43,"column":13},"end":{"line":43,"column":32}},{"start":{"line":44,"column":14},"end":{"line":51,"column":16}}],"line":43}},"s":{"0":1,"1":2,"2":2,"3":2,"4":2,"5":1},"f":{"0":2},"b":{"0":[0,2],"1":[0,2],"2":[2,2]},"_coverageSchema":"1a1c01bbd47fc00a2c39e90264f33305004495a9","hash":"077d55f6e629ec458f8d63367d81b30ab35ef224"}
,"/home/agervais/sites/rd-london-template/src/components/Nav.js": {"path":"/home/agervais/sites/rd-london-template/src/components/Nav.js","statementMap":{"0":{"start":{"line":9,"column":16},"end":{"line":16,"column":1}},"1":{"start":{"line":10,"column":20},"end":{"line":10,"column":65}},"2":{"start":{"line":11,"column":2},"end":{"line":15,"column":3}},"3":{"start":{"line":18,"column":0},"end":{"line":21,"column":1}},"4":{"start":{"line":23,"column":19},"end":{"line":27,"column":1}},"5":{"start":{"line":24,"column":2},"end":{"line":26,"column":6}},"6":{"start":{"line":29,"column":0},"end":{"line":32,"column":1}},"7":{"start":{"line":34,"column":12},"end":{"line":95,"column":1}},"8":{"start":{"line":35,"column":19},"end":{"line":35,"column":32}},"9":{"start":{"line":38,"column":6},"end":{"line":38,"column":19}},"10":{"start":{"line":39,"column":22},"end":{"line":51,"column":3}},"11":{"start":{"line":48,"column":6},"end":{"line":50,"column":35}},"12":{"start":{"line":53,"column":2},"end":{"line":94,"column":3}},"13":{"start":{"line":57,"column":23},"end":{"line":57,"column":47}},"14":{"start":{"line":71,"column":14},"end":{"line":71,"column":75}},"15":{"start":{"line":85,"column":14},"end":{"line":89,"column":16}},"16":{"start":{"line":97,"column":0},"end":{"line":100,"column":1}}},"fnMap":{"0":{"name":"(anonymous_0)","decl":{"start":{"line":9,"column":16},"end":{"line":9,"column":17}},"loc":{"start":{"line":9,"column":36},"end":{"line":16,"column":1}},"line":9},"1":{"name":"(anonymous_1)","decl":{"start":{"line":23,"column":19},"end":{"line":23,"column":20}},"loc":{"start":{"line":24,"column":2},"end":{"line":26,"column":6}},"line":24},"2":{"name":"(anonymous_2)","decl":{"start":{"line":34,"column":12},"end":{"line":34,"column":13}},"loc":{"start":{"line":34,"column":55},"end":{"line":95,"column":1}},"line":34},"3":{"name":"(anonymous_3)","decl":{"start":{"line":47,"column":4},"end":{"line":47,"column":5}},"loc":{"start":{"line":48,"column":6},"end":{"line":50,"column":35}},"line":48},"4":{"name":"(anonymous_4)","decl":{"start":{"line":57,"column":17},"end":{"line":57,"column":18}},"loc":{"start":{"line":57,"column":23},"end":{"line":57,"column":47}},"line":57},"5":{"name":"(anonymous_5)","decl":{"start":{"line":70,"column":25},"end":{"line":70,"column":26}},"loc":{"start":{"line":71,"column":14},"end":{"line":71,"column":75}},"line":71},"6":{"name":"(anonymous_6)","decl":{"start":{"line":84,"column":28},"end":{"line":84,"column":29}},"loc":{"start":{"line":85,"column":14},"end":{"line":89,"column":16}},"line":85}},"branchMap":{"0":{"loc":{"start":{"line":48,"column":6},"end":{"line":50,"column":35}},"type":"binary-expr","locations":[{"start":{"line":48,"column":6},"end":{"line":48,"column":30}},{"start":{"line":49,"column":6},"end":{"line":49,"column":34}},{"start":{"line":50,"column":6},"end":{"line":50,"column":35}}],"line":48},"1":{"loc":{"start":{"line":68,"column":11},"end":{"line":72,"column":14}},"type":"binary-expr","locations":[{"start":{"line":68,"column":11},"end":{"line":68,"column":21}},{"start":{"line":69,"column":12},"end":{"line":69,"column":31}},{"start":{"line":70,"column":12},"end":{"line":72,"column":14}}],"line":68},"2":{"loc":{"start":{"line":82,"column":11},"end":{"line":90,"column":14}},"type":"binary-expr","locations":[{"start":{"line":82,"column":11},"end":{"line":82,"column":24}},{"start":{"line":83,"column":12},"end":{"line":83,"column":32}},{"start":{"line":84,"column":12},"end":{"line":90,"column":14}}],"line":82}},"s":{"0":1,"1":13,"2":13,"3":1,"4":1,"5":13,"6":1,"7":1,"8":4,"9":4,"10":4,"11":20,"12":4,"13":1,"14":12,"15":12,"16":1},"f":{"0":13,"1":13,"2":4,"3":20,"4":1,"5":12,"6":12},"b":{"0":[20,20,20],"1":[4,4,4],"2":[4,4,4]},"_coverageSchema":"1a1c01bbd47fc00a2c39e90264f33305004495a9","hash":"d627e6094f503b19c6e9f03cebe59788b54843e4"}
,"/home/agervais/sites/rd-london-template/src/components/NoScript.js": {"path":"/home/agervais/sites/rd-london-template/src/components/NoScript.js","statementMap":{"0":{"start":{"line":4,"column":2},"end":{"line":19,"column":13}}},"fnMap":{"0":{"name":"(anonymous_0)","decl":{"start":{"line":3,"column":15},"end":{"line":3,"column":16}},"loc":{"start":{"line":4,"column":2},"end":{"line":19,"column":13}},"line":4}},"branchMap":{},"s":{"0":1},"f":{"0":1},"b":{},"_coverageSchema":"1a1c01bbd47fc00a2c39e90264f33305004495a9","hash":"437abcc94831041e16b8c5f749ede4a2c2f46f74"}
,"/home/agervais/sites/rd-london-template/src/components/PageHeader.js": {"path":"/home/agervais/sites/rd-london-template/src/components/PageHeader.js","statementMap":{"0":{"start":{"line":4,"column":19},"end":{"line":12,"column":1}},"1":{"start":{"line":5,"column":2},"end":{"line":11,"column":11}},"2":{"start":{"line":14,"column":0},"end":{"line":18,"column":1}}},"fnMap":{"0":{"name":"(anonymous_0)","decl":{"start":{"line":4,"column":19},"end":{"line":4,"column":20}},"loc":{"start":{"line":5,"column":2},"end":{"line":11,"column":11}},"line":5}},"branchMap":{"0":{"loc":{"start":{"line":7,"column":5},"end":{"line":7,"column":72}},"type":"binary-expr","locations":[{"start":{"line":7,"column":5},"end":{"line":7,"column":16}},{"start":{"line":7,"column":20},"end":{"line":7,"column":72}}],"line":7},"1":{"loc":{"start":{"line":8,"column":5},"end":{"line":10,"column":5}},"type":"binary-expr","locations":[{"start":{"line":8,"column":5},"end":{"line":8,"column":23}},{"start":{"line":9,"column":6},"end":{"line":9,"column":71}}],"line":8}},"s":{"0":1,"1":3,"2":1},"f":{"0":3},"b":{"0":[3,2],"1":[3,2]},"_coverageSchema":"1a1c01bbd47fc00a2c39e90264f33305004495a9","hash":"f57f0820c92d7eca8585eca2eb8677b3e898df37"}
,"/home/agervais/sites/rd-london-template/src/components/PostCard.js": {"path":"/home/agervais/sites/rd-london-template/src/components/PostCard.js","statementMap":{"0":{"start":{"line":9,"column":15},"end":{"line":9,"column":35}},"1":{"start":{"line":11,"column":17},"end":{"line":68,"column":1}},"2":{"start":{"line":12,"column":24},"end":{"line":12,"column":56}},"3":{"start":{"line":13,"column":18},"end":{"line":13,"column":33}},"4":{"start":{"line":14,"column":21},"end":{"line":22,"column":14}},"5":{"start":{"line":21,"column":19},"end":{"line":21,"column":20}},"6":{"start":{"line":25,"column":4},"end":{"line":34,"column":10}},"7":{"start":{"line":37,"column":18},"end":{"line":43,"column":3}},"8":{"start":{"line":45,"column":18},"end":{"line":55,"column":7}},"9":{"start":{"line":57,"column":2},"end":{"line":67,"column":3}},"10":{"start":{"line":70,"column":29},"end":{"line":76,"column":1}},"11":{"start":{"line":78,"column":0},"end":{"line":78,"column":34}}},"fnMap":{"0":{"name":"(anonymous_0)","decl":{"start":{"line":11,"column":17},"end":{"line":11,"column":18}},"loc":{"start":{"line":11,"column":62},"end":{"line":68,"column":1}},"line":11},"1":{"name":"(anonymous_1)","decl":{"start":{"line":21,"column":12},"end":{"line":21,"column":13}},"loc":{"start":{"line":21,"column":19},"end":{"line":21,"column":20}},"line":21}},"branchMap":{"0":{"loc":{"start":{"line":17,"column":4},"end":{"line":17,"column":38}},"type":"cond-expr","locations":[{"start":{"line":17,"column":14},"end":{"line":17,"column":31}},{"start":{"line":17,"column":34},"end":{"line":17,"column":38}}],"line":17},"1":{"loc":{"start":{"line":18,"column":4},"end":{"line":18,"column":39}},"type":"cond-expr","locations":[{"start":{"line":18,"column":14},"end":{"line":18,"column":26}},{"start":{"line":18,"column":29},"end":{"line":18,"column":39}}],"line":18},"2":{"loc":{"start":{"line":19,"column":4},"end":{"line":19,"column":42}},"type":"cond-expr","locations":[{"start":{"line":19,"column":13},"end":{"line":19,"column":30}},{"start":{"line":19,"column":33},"end":{"line":19,"column":42}}],"line":19},"3":{"loc":{"start":{"line":28,"column":9},"end":{"line":32,"column":9}},"type":"binary-expr","locations":[{"start":{"line":28,"column":9},"end":{"line":28,"column":15}},{"start":{"line":29,"column":10},"end":{"line":31,"column":17}}],"line":28},"4":{"loc":{"start":{"line":37,"column":18},"end":{"line":43,"column":3}},"type":"cond-expr","locations":[{"start":{"line":38,"column":4},"end":{"line":40,"column":11}},{"start":{"line":42,"column":4},"end":{"line":42,"column":16}}],"line":37},"5":{"loc":{"start":{"line":45,"column":18},"end":{"line":55,"column":7}},"type":"cond-expr","locations":[{"start":{"line":46,"column":6},"end":{"line":46,"column":10}},{"start":{"line":47,"column":6},"end":{"line":55,"column":7}}],"line":45},"6":{"loc":{"start":{"line":47,"column":6},"end":{"line":55,"column":7}},"type":"cond-expr","locations":[{"start":{"line":48,"column":6},"end":{"line":48,"column":35}},{"start":{"line":49,"column":6},"end":{"line":55,"column":7}}],"line":47},"7":{"loc":{"start":{"line":59,"column":7},"end":{"line":65,"column":7}},"type":"cond-expr","locations":[{"start":{"line":60,"column":8},"end":{"line":62,"column":32}},{"start":{"line":64,"column":8},"end":{"line":64,"column":15}}],"line":59}},"s":{"0":1,"1":1,"2":9,"3":9,"4":9,"5":45,"6":9,"7":9,"8":9,"9":9,"10":1,"11":1},"f":{"0":9,"1":45},"b":{"0":[7,2],"1":[7,2],"2":[4,5],"3":[9,7],"4":[7,2],"5":[2,7],"6":[2,5],"7":[7,2]},"_coverageSchema":"1a1c01bbd47fc00a2c39e90264f33305004495a9","hash":"766831b81fe1c4bbb31b9a8263ffa20d9063814d"}
,"/home/agervais/sites/rd-london-template/src/components/PostFeed.js": {"path":"/home/agervais/sites/rd-london-template/src/components/PostFeed.js","statementMap":{"0":{"start":{"line":9,"column":15},"end":{"line":9,"column":35}},"1":{"start":{"line":11,"column":17},"end":{"line":41,"column":1}},"2":{"start":{"line":12,"column":2},"end":{"line":40,"column":8}},"3":{"start":{"line":17,"column":8},"end":{"line":26,"column":9}},"4":{"start":{"line":43,"column":0},"end":{"line":53,"column":1}}},"fnMap":{"0":{"name":"(anonymous_0)","decl":{"start":{"line":11,"column":17},"end":{"line":11,"column":18}},"loc":{"start":{"line":12,"column":2},"end":{"line":40,"column":8}},"line":12},"1":{"name":"(anonymous_1)","decl":{"start":{"line":16,"column":16},"end":{"line":16,"column":17}},"loc":{"start":{"line":16,"column":61},"end":{"line":27,"column":7}},"line":16}},"branchMap":{"0":{"loc":{"start":{"line":13,"column":5},"end":{"line":27,"column":8}},"type":"binary-expr","locations":[{"start":{"line":13,"column":5},"end":{"line":13,"column":15}},{"start":{"line":14,"column":6},"end":{"line":14,"column":13}},{"start":{"line":15,"column":6},"end":{"line":15,"column":20}},{"start":{"line":16,"column":6},"end":{"line":27,"column":8}}],"line":13},"1":{"loc":{"start":{"line":28,"column":5},"end":{"line":33,"column":5}},"type":"binary-expr","locations":[{"start":{"line":28,"column":5},"end":{"line":28,"column":15}},{"start":{"line":28,"column":20},"end":{"line":28,"column":26}},{"start":{"line":28,"column":30},"end":{"line":28,"column":43}},{"start":{"line":29,"column":6},"end":{"line":32,"column":8}}],"line":28},"2":{"loc":{"start":{"line":34,"column":5},"end":{"line":39,"column":5}},"type":"binary-expr","locations":[{"start":{"line":34,"column":5},"end":{"line":34,"column":16}},{"start":{"line":35,"column":6},"end":{"line":38,"column":8}}],"line":34}},"s":{"0":1,"1":1,"2":4,"3":6,"4":1},"f":{"0":4,"1":6},"b":{"0":[4,3,3,2],"1":[4,3,3,1],"2":[4,1]},"_coverageSchema":"1a1c01bbd47fc00a2c39e90264f33305004495a9","hash":"7905c7c37d17dd3e309685c50ac418b34a248627"}
,"/home/agervais/sites/rd-london-template/src/components/PreviewableImage.js": {"path":"/home/agervais/sites/rd-london-template/src/components/PreviewableImage.js","statementMap":{"0":{"start":{"line":5,"column":25},"end":{"line":30,"column":1}},"1":{"start":{"line":7,"column":4},"end":{"line":19,"column":12}},"2":{"start":{"line":20,"column":2},"end":{"line":29,"column":3}},"3":{"start":{"line":32,"column":0},"end":{"line":37,"column":1}}},"fnMap":{"0":{"name":"(anonymous_0)","decl":{"start":{"line":5,"column":25},"end":{"line":5,"column":26}},"loc":{"start":{"line":5,"column":63},"end":{"line":30,"column":1}},"line":5}},"branchMap":{"0":{"loc":{"start":{"line":7,"column":4},"end":{"line":19,"column":12}},"type":"cond-expr","locations":[{"start":{"line":8,"column":8},"end":{"line":8,"column":12}},{"start":{"line":9,"column":8},"end":{"line":19,"column":12}}],"line":7},"1":{"loc":{"start":{"line":7,"column":4},"end":{"line":7,"column":42}},"type":"binary-expr","locations":[{"start":{"line":7,"column":4},"end":{"line":7,"column":15}},{"start":{"line":7,"column":19},"end":{"line":7,"column":42}}],"line":7},"2":{"loc":{"start":{"line":9,"column":8},"end":{"line":19,"column":12}},"type":"cond-expr","locations":[{"start":{"line":10,"column":8},"end":{"line":10,"column":33}},{"start":{"line":11,"column":8},"end":{"line":19,"column":12}}],"line":9},"3":{"loc":{"start":{"line":11,"column":8},"end":{"line":19,"column":12}},"type":"cond-expr","locations":[{"start":{"line":12,"column":8},"end":{"line":18,"column":9}},{"start":{"line":19,"column":8},"end":{"line":19,"column":12}}],"line":11},"4":{"loc":{"start":{"line":11,"column":8},"end":{"line":11,"column":26}},"type":"binary-expr","locations":[{"start":{"line":11,"column":8},"end":{"line":11,"column":15}},{"start":{"line":11,"column":19},"end":{"line":11,"column":26}}],"line":11},"5":{"loc":{"start":{"line":22,"column":7},"end":{"line":26,"column":7}},"type":"cond-expr","locations":[{"start":{"line":23,"column":8},"end":{"line":23,"column":77}},{"start":{"line":25,"column":8},"end":{"line":25,"column":71}}],"line":22},"6":{"loc":{"start":{"line":27,"column":7},"end":{"line":27,"column":54}},"type":"binary-expr","locations":[{"start":{"line":27,"column":7},"end":{"line":27,"column":16}},{"start":{"line":27,"column":20},"end":{"line":27,"column":54}}],"line":27}},"s":{"0":2,"1":6,"2":6,"3":2},"f":{"0":6},"b":{"0":[1,5],"1":[6,6],"2":[4,1],"3":[1,0],"4":[1,1],"5":[4,2],"6":[6,5]},"_coverageSchema":"1a1c01bbd47fc00a2c39e90264f33305004495a9","hash":"c3dfc6671473d762d57a8c2b096e818f0f760745"}
,"/home/agervais/sites/rd-london-template/src/components/SEO.js": {"path":"/home/agervais/sites/rd-london-template/src/components/SEO.js","statementMap":{"0":{"start":{"line":12,"column":19},"end":{"line":16,"column":1}},"1":{"start":{"line":13,"column":14},"end":{"line":13,"column":72}},"2":{"start":{"line":14,"column":28},"end":{"line":14,"column":56}},"3":{"start":{"line":15,"column":2},"end":{"line":15,"column":31}},"4":{"start":{"line":18,"column":15},"end":{"line":18,"column":35}},"5":{"start":{"line":20,"column":12},"end":{"line":107,"column":1}},"6":{"start":{"line":37,"column":6},"end":{"line":37,"column":19}},"7":{"start":{"line":40,"column":4},"end":{"line":40,"column":74}},"8":{"start":{"line":42,"column":21},"end":{"line":61,"column":3}},"9":{"start":{"line":59,"column":16},"end":{"line":59,"column":55}},"10":{"start":{"line":63,"column":2},"end":{"line":65,"column":30}},"11":{"start":{"line":68,"column":4},"end":{"line":68,"column":78}},"12":{"start":{"line":70,"column":17},"end":{"line":70,"column":46}},"13":{"start":{"line":72,"column":38},"end":{"line":72,"column":69}},"14":{"start":{"line":74,"column":22},"end":{"line":80,"column":14}},"15":{"start":{"line":79,"column":19},"end":{"line":79,"column":20}},"16":{"start":{"line":82,"column":2},"end":{"line":106,"column":3}},"17":{"start":{"line":109,"column":28},"end":{"line":118,"column":1}},"18":{"start":{"line":120,"column":0},"end":{"line":120,"column":28}}},"fnMap":{"0":{"name":"(anonymous_0)","decl":{"start":{"line":12,"column":19},"end":{"line":12,"column":20}},"loc":{"start":{"line":12,"column":37},"end":{"line":16,"column":1}},"line":12},"1":{"name":"(anonymous_1)","decl":{"start":{"line":20,"column":12},"end":{"line":20,"column":13}},"loc":{"start":{"line":29,"column":6},"end":{"line":107,"column":1}},"line":29},"2":{"name":"(anonymous_2)","decl":{"start":{"line":59,"column":6},"end":{"line":59,"column":7}},"loc":{"start":{"line":59,"column":16},"end":{"line":59,"column":55}},"line":59},"3":{"name":"(anonymous_3)","decl":{"start":{"line":79,"column":12},"end":{"line":79,"column":13}},"loc":{"start":{"line":79,"column":19},"end":{"line":79,"column":20}},"line":79}},"branchMap":{"0":{"loc":{"start":{"line":40,"column":4},"end":{"line":40,"column":74}},"type":"cond-expr","locations":[{"start":{"line":40,"column":41},"end":{"line":40,"column":58}},{"start":{"line":40,"column":61},"end":{"line":40,"column":74}}],"line":40},"1":{"loc":{"start":{"line":40,"column":4},"end":{"line":40,"column":38}},"type":"binary-expr","locations":[{"start":{"line":40,"column":4},"end":{"line":40,"column":17}},{"start":{"line":40,"column":21},"end":{"line":40,"column":38}}],"line":40},"2":{"loc":{"start":{"line":49,"column":6},"end":{"line":51,"column":19}},"type":"cond-expr","locations":[{"start":{"line":50,"column":10},"end":{"line":50,"column":19}},{"start":{"line":51,"column":10},"end":{"line":51,"column":19}}],"line":49},"3":{"loc":{"start":{"line":49,"column":6},"end":{"line":49,"column":60}},"type":"binary-expr","locations":[{"start":{"line":49,"column":6},"end":{"line":49,"column":17}},{"start":{"line":49,"column":21},"end":{"line":49,"column":60}}],"line":49},"4":{"loc":{"start":{"line":59,"column":16},"end":{"line":59,"column":55}},"type":"binary-expr","locations":[{"start":{"line":59,"column":16},"end":{"line":59,"column":22}},{"start":{"line":59,"column":26},"end":{"line":59,"column":36}},{"start":{"line":59,"column":40},"end":{"line":59,"column":55}}],"line":59},"5":{"loc":{"start":{"line":63,"column":21},"end":{"line":65,"column":30}},"type":"cond-expr","locations":[{"start":{"line":64,"column":6},"end":{"line":64,"column":32}},{"start":{"line":65,"column":6},"end":{"line":65,"column":30}}],"line":63},"6":{"loc":{"start":{"line":68,"column":4},"end":{"line":68,"column":78}},"type":"cond-expr","locations":[{"start":{"line":68,"column":29},"end":{"line":68,"column":71}},{"start":{"line":68,"column":74},"end":{"line":68,"column":78}}],"line":68},"7":{"loc":{"start":{"line":68,"column":4},"end":{"line":68,"column":26}},"type":"binary-expr","locations":[{"start":{"line":68,"column":4},"end":{"line":68,"column":11}},{"start":{"line":68,"column":15},"end":{"line":68,"column":26}}],"line":68},"8":{"loc":{"start":{"line":77,"column":4},"end":{"line":77,"column":63}},"type":"cond-expr","locations":[{"start":{"line":77,"column":48},"end":{"line":77,"column":58}},{"start":{"line":77,"column":61},"end":{"line":77,"column":63}}],"line":77},"9":{"loc":{"start":{"line":77,"column":4},"end":{"line":77,"column":45}},"type":"binary-expr","locations":[{"start":{"line":77,"column":4},"end":{"line":77,"column":33}},{"start":{},"end":{}}],"line":77},"10":{"loc":{"start":{"line":96,"column":7},"end":{"line":98,"column":7}},"type":"binary-expr","locations":[{"start":{"line":96,"column":7},"end":{"line":96,"column":40}},{"start":{"line":97,"column":8},"end":{"line":97,"column":57}}],"line":96},"11":{"loc":{"start":{"line":100,"column":7},"end":{"line":100,"column":78}},"type":"binary-expr","locations":[{"start":{"line":100,"column":7},"end":{"line":100,"column":22}},{"start":{"line":100,"column":26},"end":{"line":100,"column":78}}],"line":100}},"s":{"0":1,"1":5,"2":5,"3":5,"4":1,"5":1,"6":2,"7":2,"8":2,"9":10,"10":2,"11":2,"12":2,"13":2,"14":2,"15":6,"16":2,"17":1,"18":1},"f":{"0":5,"1":2,"2":10,"3":6},"b":{"0":[2,0],"1":[2,2],"2":[0,2],"3":[2,2],"4":[10,10,10],"5":[2,0],"6":[2,0],"7":[2,2],"8":[2,0],"9":[2,2],"10":[2,0],"11":[2,2]},"_coverageSchema":"1a1c01bbd47fc00a2c39e90264f33305004495a9","hash":"7b77349bba6e6393a730366492ace2a07d467ee8"}
,"/home/agervais/sites/rd-london-template/src/components/ShortBiography.js": {"path":"/home/agervais/sites/rd-london-template/src/components/ShortBiography.js","statementMap":{"0":{"start":{"line":8,"column":23},"end":{"line":36,"column":1}},"1":{"start":{"line":14,"column":2},"end":{"line":35,"column":8}},"2":{"start":{"line":38,"column":0},"end":{"line":46,"column":1}}},"fnMap":{"0":{"name":"(anonymous_0)","decl":{"start":{"line":8,"column":23},"end":{"line":8,"column":24}},"loc":{"start":{"line":14,"column":2},"end":{"line":35,"column":8}},"line":14}},"branchMap":{"0":{"loc":{"start":{"line":16,"column":7},"end":{"line":16,"column":50}},"type":"binary-expr","locations":[{"start":{"line":16,"column":7},"end":{"line":16,"column":23}},{"start":{"line":16,"column":27},"end":{"line":16,"column":50}}],"line":16},"1":{"loc":{"start":{"line":17,"column":7},"end":{"line":21,"column":7}},"type":"binary-expr","locations":[{"start":{"line":17,"column":7},"end":{"line":17,"column":24}},{"start":{"line":18,"column":8},"end":{"line":20,"column":15}}],"line":17},"2":{"loc":{"start":{"line":24,"column":7},"end":{"line":33,"column":7}},"type":"binary-expr","locations":[{"start":{"line":24,"column":7},"end":{"line":24,"column":14}},{"start":{"line":24,"column":18},"end":{"line":24,"column":29}},{"start":{"line":24,"column":33},"end":{"line":24,"column":44}},{"start":{"line":25,"column":8},"end":{"line":32,"column":17}}],"line":24},"3":{"loc":{"start":{"line":28,"column":17},"end":{"line":28,"column":53}},"type":"cond-expr","locations":[{"start":{"line":28,"column":29},"end":{"line":28,"column":38}},{"start":{"line":28,"column":41},"end":{"line":28,"column":53}}],"line":28}},"s":{"0":1,"1":2,"2":1},"f":{"0":2},"b":{"0":[2,1],"1":[2,1],"2":[2,1,1,1],"3":[0,1]},"_coverageSchema":"1a1c01bbd47fc00a2c39e90264f33305004495a9","hash":"b912a47f15ea151aa34672e3bd4c8be80131150a"}
,"/home/agervais/sites/rd-london-template/src/components/ThemeSwitcher.js": {"path":"/home/agervais/sites/rd-london-template/src/components/ThemeSwitcher.js","statementMap":{"0":{"start":{"line":8,"column":22},"end":{"line":97,"column":1}},"1":{"start":{"line":16,"column":40},"end":{"line":16,"column":53}},"2":{"start":{"line":18,"column":21},"end":{"line":26,"column":3}},"3":{"start":{"line":28,"column":23},"end":{"line":36,"column":3}},"4":{"start":{"line":38,"column":22},"end":{"line":50,"column":3}},"5":{"start":{"line":52,"column":24},"end":{"line":54,"column":3}},"6":{"start":{"line":53,"column":4},"end":{"line":53,"column":32}},"7":{"start":{"line":56,"column":2},"end":{"line":96,"column":3}},"8":{"start":{"line":70,"column":12},"end":{"line":70,"column":42}},"9":{"start":{"line":75,"column":12},"end":{"line":77,"column":21}},"10":{"start":{"line":84,"column":12},"end":{"line":84,"column":41}},"11":{"start":{"line":89,"column":12},"end":{"line":91,"column":21}},"12":{"start":{"line":99,"column":0},"end":{"line":106,"column":1}}},"fnMap":{"0":{"name":"(anonymous_0)","decl":{"start":{"line":8,"column":22},"end":{"line":8,"column":23}},"loc":{"start":{"line":15,"column":6},"end":{"line":97,"column":1}},"line":15},"1":{"name":"(anonymous_1)","decl":{"start":{"line":52,"column":24},"end":{"line":52,"column":25}},"loc":{"start":{"line":52,"column":30},"end":{"line":54,"column":3}},"line":52},"2":{"name":"(anonymous_2)","decl":{"start":{"line":69,"column":20},"end":{"line":69,"column":21}},"loc":{"start":{"line":69,"column":27},"end":{"line":71,"column":11}},"line":69},"3":{"name":"(anonymous_3)","decl":{"start":{"line":74,"column":28},"end":{"line":74,"column":29}},"loc":{"start":{"line":75,"column":12},"end":{"line":77,"column":21}},"line":75},"4":{"name":"(anonymous_4)","decl":{"start":{"line":83,"column":20},"end":{"line":83,"column":21}},"loc":{"start":{"line":83,"column":27},"end":{"line":85,"column":11}},"line":83},"5":{"name":"(anonymous_5)","decl":{"start":{"line":88,"column":27},"end":{"line":88,"column":28}},"loc":{"start":{"line":89,"column":12},"end":{"line":91,"column":21}},"line":89}},"branchMap":{"0":{"loc":{"start":{"line":29,"column":13},"end":{"line":29,"column":39}},"type":"cond-expr","locations":[{"start":{"line":29,"column":27},"end":{"line":29,"column":33}},{"start":{"line":29,"column":36},"end":{"line":29,"column":39}}],"line":29},"1":{"loc":{"start":{"line":32,"column":15},"end":{"line":32,"column":45}},"type":"cond-expr","locations":[{"start":{"line":32,"column":29},"end":{"line":32,"column":36}},{"start":{"line":32,"column":39},"end":{"line":32,"column":45}}],"line":32},"2":{"loc":{"start":{"line":33,"column":14},"end":{"line":33,"column":44}},"type":"cond-expr","locations":[{"start":{"line":33,"column":28},"end":{"line":33,"column":35}},{"start":{"line":33,"column":38},"end":{"line":33,"column":44}}],"line":33},"3":{"loc":{"start":{"line":46,"column":11},"end":{"line":46,"column":38}},"type":"cond-expr","locations":[{"start":{"line":46,"column":25},"end":{"line":46,"column":32}},{"start":{"line":46,"column":35},"end":{"line":46,"column":38}}],"line":46},"4":{"loc":{"start":{"line":47,"column":9},"end":{"line":47,"column":36}},"type":"cond-expr","locations":[{"start":{"line":47,"column":23},"end":{"line":47,"column":30}},{"start":{"line":47,"column":33},"end":{"line":47,"column":36}}],"line":47},"5":{"loc":{"start":{"line":59,"column":9},"end":{"line":59,"column":32}},"type":"cond-expr","locations":[{"start":{"line":59,"column":23},"end":{"line":59,"column":26}},{"start":{"line":59,"column":29},"end":{"line":59,"column":32}}],"line":59}},"s":{"0":1,"1":4,"2":4,"3":4,"4":4,"5":4,"6":1,"7":4,"8":1,"9":8,"10":1,"11":8,"12":1},"f":{"0":4,"1":1,"2":1,"3":8,"4":1,"5":8},"b":{"0":[4,0],"1":[4,0],"2":[4,0],"3":[4,0],"4":[4,0],"5":[4,0]},"_coverageSchema":"1a1c01bbd47fc00a2c39e90264f33305004495a9","hash":"2f0e44eca61d9c40993d61ae75c508581f70751c"}
,"/home/agervais/sites/rd-london-template/src/context/ThemeOptions.js": {"path":"/home/agervais/sites/rd-london-template/src/context/ThemeOptions.js","statementMap":{"0":{"start":{"line":4,"column":35},"end":{"line":4,"column":52}},"1":{"start":{"line":6,"column":36},"end":{"line":31,"column":1}},"2":{"start":{"line":12,"column":6},"end":{"line":12,"column":19}},"3":{"start":{"line":13,"column":40},"end":{"line":13,"column":68}},"4":{"start":{"line":14,"column":38},"end":{"line":14,"column":65}},"5":{"start":{"line":15,"column":40},"end":{"line":15,"column":55}},"6":{"start":{"line":17,"column":2},"end":{"line":30,"column":3}}},"fnMap":{"0":{"name":"(anonymous_0)","decl":{"start":{"line":6,"column":36},"end":{"line":6,"column":37}},"loc":{"start":{"line":6,"column":54},"end":{"line":31,"column":1}},"line":6}},"branchMap":{},"s":{"0":1,"1":1,"2":1,"3":1,"4":1,"5":1,"6":1},"f":{"0":1},"b":{},"_coverageSchema":"1a1c01bbd47fc00a2c39e90264f33305004495a9","hash":"bb1e52fc9292e5a7c5ccff0d3d59838c2d8c2651"}
,"/home/agervais/sites/rd-london-template/src/hooks/useNavPages.js": {"path":"/home/agervais/sites/rd-london-template/src/hooks/useNavPages.js","statementMap":{"0":{"start":{"line":4,"column":16},"end":{"line":17,"column":3}},"1":{"start":{"line":18,"column":24},"end":{"line":18,"column":56}},"2":{"start":{"line":19,"column":2},"end":{"line":29,"column":4}},"3":{"start":{"line":22,"column":6},"end":{"line":27,"column":25}},"4":{"start":{"line":26,"column":25},"end":{"line":26,"column":26}},"5":{"start":{"line":28,"column":4},"end":{"line":28,"column":26}}},"fnMap":{"0":{"name":"(anonymous_0)","decl":{"start":{"line":3,"column":15},"end":{"line":3,"column":16}},"loc":{"start":{"line":3,"column":21},"end":{"line":31,"column":1}},"line":3},"1":{"name":"(anonymous_1)","decl":{"start":{"line":19,"column":23},"end":{"line":19,"column":24}},"loc":{"start":{"line":19,"column":57},"end":{"line":29,"column":3}},"line":19},"2":{"name":"(anonymous_2)","decl":{"start":{"line":26,"column":20},"end":{"line":26,"column":21}},"loc":{"start":{"line":26,"column":25},"end":{"line":26,"column":26}},"line":26}},"branchMap":{"0":{"loc":{"start":{"line":22,"column":6},"end":{"line":27,"column":25}},"type":"cond-expr","locations":[{"start":{"line":23,"column":10},"end":{"line":23,"column":21}},{"start":{"line":24,"column":10},"end":{"line":27,"column":25}}],"line":22}},"s":{"0":1,"1":1,"2":1,"3":5,"4":9,"5":5},"f":{"0":1,"1":5,"2":9},"b":{"0":[1,4]},"_coverageSchema":"1a1c01bbd47fc00a2c39e90264f33305004495a9","hash":"bb9eeb2c2a49be219c56fdc4a006b0c31b3132a8"}
,"/home/agervais/sites/rd-london-template/src/hooks/useRecentPosts.js": {"path":"/home/agervais/sites/rd-london-template/src/hooks/useRecentPosts.js","statementMap":{"0":{"start":{"line":5,"column":15},"end":{"line":72,"column":3}},"1":{"start":{"line":73,"column":2},"end":{"line":99,"column":3}},"2":{"start":{"line":79,"column":4},"end":{"line":96,"column":6}},"3":{"start":{"line":83,"column":10},"end":{"line":83,"column":14}},"4":{"start":{"line":84,"column":37},"end":{"line":88,"column":7}},"5":{"start":{"line":89,"column":6},"end":{"line":95,"column":7}},"6":{"start":{"line":98,"column":4},"end":{"line":98,"column":13}}},"fnMap":{"0":{"name":"(anonymous_0)","decl":{"start":{"line":4,"column":15},"end":{"line":4,"column":16}},"loc":{"start":{"line":4,"column":21},"end":{"line":100,"column":1}},"line":4},"1":{"name":"(anonymous_1)","decl":{"start":{"line":79,"column":44},"end":{"line":79,"column":45}},"loc":{"start":{"line":79,"column":58},"end":{"line":96,"column":5}},"line":79}},"branchMap":{"0":{"loc":{"start":{"line":73,"column":2},"end":{"line":99,"column":3}},"type":"if","locations":[{"start":{"line":73,"column":2},"end":{"line":99,"column":3}},{"start":{"line":73,"column":2},"end":{"line":99,"column":3}}],"line":73},"1":{"loc":{"start":{"line":74,"column":4},"end":{"line":77,"column":43}},"type":"binary-expr","locations":[{"start":{"line":74,"column":4},"end":{"line":74,"column":8}},{"start":{"line":75,"column":4},"end":{"line":75,"column":26}},{"start":{"line":76,"column":4},"end":{"line":76,"column":32}},{"start":{"line":77,"column":4},"end":{"line":77,"column":43}}],"line":74},"2":{"loc":{"start":{"line":90,"column":15},"end":{"line":90,"column":53}},"type":"cond-expr","locations":[{"start":{"line":90,"column":33},"end":{"line":90,"column":46}},{"start":{"line":90,"column":49},"end":{"line":90,"column":53}}],"line":90}},"s":{"0":2,"1":2,"2":1,"3":4,"4":4,"5":4,"6":1},"f":{"0":2,"1":4},"b":{"0":[1,1],"1":[2,1,1,1],"2":[4,0]},"_coverageSchema":"1a1c01bbd47fc00a2c39e90264f33305004495a9","hash":"ef4f584d6b022655bea052b7a039630a2eca7d36"}
,"/home/agervais/sites/rd-london-template/src/hooks/useSiteData.js": {"path":"/home/agervais/sites/rd-london-template/src/hooks/useSiteData.js","statementMap":{"0":{"start":{"line":4,"column":16},"end":{"line":56,"column":3}},"1":{"start":{"line":57,"column":2},"end":{"line":57,"column":41}}},"fnMap":{"0":{"name":"(anonymous_0)","decl":{"start":{"line":3,"column":15},"end":{"line":3,"column":16}},"loc":{"start":{"line":3,"column":21},"end":{"line":58,"column":1}},"line":3}},"branchMap":{},"s":{"0":1,"1":1},"f":{"0":1},"b":{},"_coverageSchema":"1a1c01bbd47fc00a2c39e90264f33305004495a9","hash":"4fc28484942538d59707c7497fe7bef1892b4e87"}
,"/home/agervais/sites/rd-london-template/src/hooks/useSiteMeta.js": {"path":"/home/agervais/sites/rd-london-template/src/hooks/useSiteMeta.js","statementMap":{"0":{"start":{"line":4,"column":16},"end":{"line":22,"column":3}},"1":{"start":{"line":23,"column":2},"end":{"line":23,"column":32}}},"fnMap":{"0":{"name":"(anonymous_0)","decl":{"start":{"line":3,"column":15},"end":{"line":3,"column":16}},"loc":{"start":{"line":3,"column":21},"end":{"line":24,"column":1}},"line":3}},"branchMap":{},"s":{"0":1,"1":1},"f":{"0":1},"b":{},"_coverageSchema":"1a1c01bbd47fc00a2c39e90264f33305004495a9","hash":"3d4c88165d089f3ed0a97d1f8ec3edfc67800c71"}
,"/home/agervais/sites/rd-london-template/src/hooks/useStructuredData.js": {"path":"/home/agervais/sites/rd-london-template/src/hooks/useStructuredData.js","statementMap":{"0":{"start":{"line":1,"column":19},"end":{"line":7,"column":2}},"1":{"start":{"line":1,"column":31},"end":{"line":7,"column":1}},"2":{"start":{"line":9,"column":21},"end":{"line":16,"column":2}},"3":{"start":{"line":9,"column":54},"end":{"line":16,"column":1}},"4":{"start":{"line":18,"column":24},"end":{"line":24,"column":2}},"5":{"start":{"line":18,"column":49},"end":{"line":24,"column":1}},"6":{"start":{"line":26,"column":22},"end":{"line":52,"column":1}},"7":{"start":{"line":36,"column":21},"end":{"line":49,"column":3}},"8":{"start":{"line":51,"column":2},"end":{"line":51,"column":79}},"9":{"start":{"line":54,"column":22},"end":{"line":93,"column":1}},"10":{"start":{"line":67,"column":24},"end":{"line":86,"column":3}},"11":{"start":{"line":88,"column":2},"end":{"line":92,"column":4}},"12":{"start":{"line":96,"column":17},"end":{"line":96,"column":57}},"13":{"start":{"line":97,"column":20},"end":{"line":97,"column":60}},"14":{"start":{"line":98,"column":20},"end":{"line":98,"column":63}},"15":{"start":{"line":100,"column":2},"end":{"line":104,"column":3}},"16":{"start":{"line":101,"column":4},"end":{"line":101,"column":30}},"17":{"start":{"line":102,"column":9},"end":{"line":104,"column":3}},"18":{"start":{"line":103,"column":4},"end":{"line":103,"column":30}}},"fnMap":{"0":{"name":"(anonymous_0)","decl":{"start":{"line":1,"column":19},"end":{"line":1,"column":20}},"loc":{"start":{"line":1,"column":31},"end":{"line":7,"column":1}},"line":1},"1":{"name":"(anonymous_1)","decl":{"start":{"line":9,"column":21},"end":{"line":9,"column":22}},"loc":{"start":{"line":9,"column":54},"end":{"line":16,"column":1}},"line":9},"2":{"name":"(anonymous_2)","decl":{"start":{"line":18,"column":24},"end":{"line":18,"column":25}},"loc":{"start":{"line":18,"column":49},"end":{"line":24,"column":1}},"line":18},"3":{"name":"(anonymous_3)","decl":{"start":{"line":26,"column":22},"end":{"line":26,"column":23}},"loc":{"start":{"line":35,"column":6},"end":{"line":52,"column":1}},"line":35},"4":{"name":"(anonymous_4)","decl":{"start":{"line":54,"column":22},"end":{"line":54,"column":23}},"loc":{"start":{"line":66,"column":6},"end":{"line":93,"column":1}},"line":66}},"branchMap":{"0":{"loc":{"start":{"line":100,"column":2},"end":{"line":104,"column":3}},"type":"if","locations":[{"start":{"line":100,"column":2},"end":{"line":104,"column":3}},{"start":{"line":100,"column":2},"end":{"line":104,"column":3}}],"line":100},"1":{"loc":{"start":{"line":100,"column":6},"end":{"line":100,"column":25}},"type":"binary-expr","locations":[{"start":{"line":100,"column":6},"end":{"line":100,"column":12}},{"start":{"line":100,"column":16},"end":{"line":100,"column":25}}],"line":100},"2":{"loc":{"start":{"line":102,"column":9},"end":{"line":104,"column":3}},"type":"if","locations":[{"start":{"line":102,"column":9},"end":{"line":104,"column":3}},{"start":{"line":102,"column":9},"end":{"line":104,"column":3}}],"line":102}},"s":{"0":1,"1":1,"2":1,"3":1,"4":1,"5":1,"6":1,"7":1,"8":1,"9":1,"10":1,"11":1,"12":3,"13":3,"14":3,"15":3,"16":2,"17":1,"18":1},"f":{"0":1,"1":1,"2":1,"3":1,"4":1},"b":{"0":[2,1],"1":[3,2],"2":[1,0]},"_coverageSchema":"1a1c01bbd47fc00a2c39e90264f33305004495a9","hash":"a67abd39d38baea88b1aa28f2c784d02c26dbd06"}
}
