TN:
SF:src/proptypes.js
FNF:0
FNH:0
DA:3,4
LF:1
LH:1
BRF:0
BRH:0
end_of_record
TN:
SF:src/utils.js
FN:3,isValidRGBA
FN:12,seoProps
FN:45,getValidDates
FN:64,addTrailingSlash
FN:70,(anonymous_4)
FNF:5
FNH:5
FNDA:12,isValidRGBA
FNDA:1,seoProps
FNDA:7,getValidDates
FNDA:12,addTrailingSlash
FNDA:24,(anonymous_4)
DA:4,12
DA:7,12
DA:8,5
DA:9,5
DA:23,1
DA:25,1
DA:31,1
DA:47,7
DA:50,7
DA:52,7
DA:56,7
DA:59,7
DA:61,7
DA:65,12
DA:66,1
DA:68,11
DA:70,24
LF:17
LH:17
BRDA:7,0,0,7
BRDA:7,0,1,5
BRDA:7,1,0,12
BRDA:7,1,1,6
BRDA:9,2,0,5
BRDA:9,2,1,3
BRDA:9,2,2,3
BRDA:36,3,0,0
BRDA:36,3,1,1
BRDA:36,4,0,1
BRDA:36,4,1,0
BRDA:47,5,0,6
BRDA:47,5,1,1
BRDA:47,6,0,7
BRDA:47,6,1,6
BRDA:47,6,2,6
BRDA:52,7,0,6
BRDA:52,7,1,1
BRDA:52,8,0,7
BRDA:52,8,1,6
BRDA:57,9,0,6
BRDA:57,9,1,1
BRDA:57,10,0,7
BRDA:57,10,1,6
BRDA:60,11,0,6
BRDA:60,11,1,1
BRDA:60,12,0,7
BRDA:60,12,1,6
BRDA:65,13,0,1
BRDA:65,13,1,11
BRF:30
BRH:28
end_of_record
TN:
SF:src/cms/utils.js
FN:4,(anonymous_0)
FN:7,(anonymous_1)
FNF:2
FNH:2
FNDA:1,(anonymous_0)
FNDA:3,(anonymous_1)
DA:4,1
DA:5,1
DA:7,1
DA:8,3
DA:9,2
DA:11,1
LF:6
LH:6
BRDA:5,0,0,1
BRDA:5,0,1,0
BRDA:8,1,0,2
BRDA:8,1,1,1
BRDA:8,2,0,3
BRDA:8,2,1,2
BRF:6
BRH:5
end_of_record
TN:
SF:src/components/ContactForm.js
FN:7,encode
FN:9,(anonymous_1)
FN:20,(anonymous_2)
FN:36,(anonymous_3)
FN:40,(anonymous_4)
FN:47,(anonymous_5)
FN:61,(anonymous_6)
FN:65,(anonymous_7)
FNF:8
FNH:8
FNDA:3,encode
FNDA:14,(anonymous_1)
FNDA:12,(anonymous_2)
FNDA:36,(anonymous_3)
FNDA:2,(anonymous_4)
FNDA:4,(anonymous_5)
FNDA:1,(anonymous_6)
FNDA:1,(anonymous_7)
DA:8,3
DA:9,14
DA:13,1
DA:20,1
DA:21,12
DA:22,12
DA:29,12
DA:31,12
DA:36,36
DA:38,12
DA:40,12
DA:41,2
DA:42,2
DA:43,2
DA:44,2
DA:47,12
DA:48,4
DA:49,4
DA:50,3
DA:51,2
DA:52,2
DA:53,2
DA:62,1
DA:63,1
DA:66,1
DA:69,12
DA:134,1
LF:27
LH:27
BRDA:34,0,0,2
BRDA:34,0,1,10
BRDA:38,1,0,1
BRDA:38,1,1,11
BRDA:43,2,0,0
BRDA:43,2,1,2
BRDA:49,3,0,1
BRDA:49,3,1,3
BRDA:50,4,0,1
BRDA:50,4,1,2
BRDA:62,5,0,1
BRDA:62,5,1,1
BRDA:62,5,2,1
BRDA:63,6,0,1
BRDA:63,6,1,0
BRF:15
BRH:13
end_of_record
TN:
SF:src/components/ExtraContent.js
FN:6,(anonymous_0)
FNF:1
FNH:1
FNDA:5,(anonymous_0)
DA:6,1
DA:7,5
DA:8,5
DA:25,1
LF:4
LH:4
BRDA:12,0,0,1
BRDA:12,0,1,4
BRF:2
BRH:2
end_of_record
TN:
SF:src/components/Fonts.js
FN:1026,(anonymous_0)
FN:1031,(anonymous_1)
FNF:2
FNH:2
FNDA:5,(anonymous_0)
FNDA:112,(anonymous_1)
DA:5,1
DA:1026,1
DA:1027,5
DA:1031,112
DA:1037,1
LF:5
LH:5
BRF:0
BRH:0
end_of_record
TN:
SF:src/components/HTMLContent.js
FN:8,convertStyles
FN:9,(anonymous_1)
FN:14,(anonymous_2)
FN:15,(anonymous_3)
FN:18,(anonymous_4)
FN:27,attribsToProps
FN:32,(anonymous_6)
FN:43,parseImg
FN:48,(anonymous_8)
FN:54,(anonymous_9)
FN:65,parseIframe
FN:69,(anonymous_11)
FN:85,(anonymous_12)
FN:88,(anonymous_13)
FNF:14
FNH:14
FNDA:3,convertStyles
FNDA:6,(anonymous_1)
FNDA:5,(anonymous_2)
FNDA:10,(anonymous_3)
FNDA:8,(anonymous_4)
FNDA:5,attribsToProps
FNDA:11,(anonymous_6)
FNDA:3,parseImg
FNDA:4,(anonymous_8)
FNDA:7,(anonymous_9)
FNDA:2,parseIframe
FNDA:3,(anonymous_11)
FNDA:5,(anonymous_12)
FNDA:7,(anonymous_13)
DA:9,6
DA:10,3
DA:11,3
DA:12,1
DA:14,2
DA:15,10
DA:16,5
DA:19,8
DA:22,5
DA:24,2
DA:28,5
DA:29,5
DA:30,1
DA:32,4
DA:33,11
DA:34,1
DA:35,1
DA:36,10
DA:37,7
DA:40,4
DA:44,3
DA:45,2
DA:46,2
DA:47,2
DA:48,4
DA:50,2
DA:51,2
DA:52,2
DA:54,2
DA:55,7
DA:56,2
DA:59,2
DA:60,1
DA:62,2
DA:66,2
DA:67,2
DA:70,3
DA:71,3
DA:85,1
DA:86,5
DA:90,7
DA:91,1
DA:94,6
DA:104,1
DA:109,5
DA:121,1
LF:46
LH:46
BRDA:11,0,0,1
BRDA:11,0,1,2
BRDA:19,1,0,5
BRDA:19,1,1,3
BRDA:29,2,0,1
BRDA:29,2,1,4
BRDA:33,3,0,1
BRDA:33,3,1,10
BRDA:36,4,0,7
BRDA:36,4,1,3
BRDA:51,5,0,2
BRDA:51,5,1,0
BRDA:55,6,0,2
BRDA:55,6,1,5
BRDA:59,7,0,1
BRDA:59,7,1,1
BRDA:75,8,0,1
BRDA:75,8,1,2
BRDA:76,9,0,0
BRDA:76,9,1,3
BRDA:90,10,0,1
BRDA:90,10,1,6
BRDA:94,11,0,1
BRDA:94,11,1,5
BRDA:95,12,0,6
BRDA:95,12,1,2
BRDA:95,12,2,0
BRDA:95,12,3,2
BRDA:95,12,4,2
BRDA:95,12,5,0
BRDA:95,12,6,2
BRDA:95,12,7,2
BRDA:95,12,8,1
BRDA:109,13,0,5
BRDA:109,13,1,0
BRDA:109,14,0,5
BRDA:109,14,1,0
BRDA:111,15,0,5
BRDA:111,15,1,0
BRDA:112,16,0,1
BRDA:112,16,1,4
BRDA:112,17,0,5
BRDA:112,17,1,5
BRF:43
BRH:36
end_of_record
TN:
SF:src/components/InlineBackgroundImage.js
FN:6,(anonymous_0)
FNF:1
FNH:1
FNDA:8,(anonymous_0)
DA:6,1
DA:17,8
DA:18,8
DA:20,8
DA:29,8
DA:42,8
DA:65,8
DA:88,1
LF:8
LH:8
BRDA:18,0,0,8
BRDA:18,0,1,8
BRDA:30,1,0,0
BRDA:30,1,1,8
BRDA:33,2,0,0
BRDA:33,2,1,8
BRDA:42,3,0,5
BRDA:42,3,1,3
BRDA:42,4,0,8
BRDA:42,4,1,5
BRDA:49,5,0,2
BRDA:49,5,1,1
BRDA:72,6,0,1
BRDA:72,6,1,7
BRDA:79,7,0,0
BRDA:79,7,1,8
BRF:16
BRH:13
end_of_record
TN:
SF:src/components/Layout.js
FN:13,(anonymous_0)
FNF:1
FNH:1
FNDA:2,(anonymous_0)
DA:13,1
DA:14,2
DA:22,2
DA:27,2
DA:29,2
DA:71,1
LF:6
LH:6
BRDA:32,0,0,0
BRDA:32,0,1,2
BRDA:35,1,0,0
BRDA:35,1,1,2
BRDA:43,2,0,2
BRDA:43,2,1,2
BRF:6
BRH:4
end_of_record
TN:
SF:src/components/Nav.js
FN:9,(anonymous_0)
FN:23,(anonymous_1)
FN:34,(anonymous_2)
FN:47,(anonymous_3)
FN:57,(anonymous_4)
FN:70,(anonymous_5)
FN:84,(anonymous_6)
FNF:7
FNH:7
FNDA:13,(anonymous_0)
FNDA:13,(anonymous_1)
FNDA:4,(anonymous_2)
FNDA:20,(anonymous_3)
FNDA:1,(anonymous_4)
FNDA:12,(anonymous_5)
FNDA:12,(anonymous_6)
DA:9,1
DA:10,13
DA:11,13
DA:18,1
DA:23,1
DA:24,13
DA:29,1
DA:34,1
DA:35,4
DA:38,4
DA:39,4
DA:48,20
DA:53,4
DA:57,1
DA:71,12
DA:85,12
DA:97,1
LF:17
LH:17
BRDA:48,0,0,20
BRDA:48,0,1,20
BRDA:48,0,2,20
BRDA:68,1,0,4
BRDA:68,1,1,4
BRDA:68,1,2,4
BRDA:82,2,0,4
BRDA:82,2,1,4
BRDA:82,2,2,4
BRF:9
BRH:9
end_of_record
TN:
SF:src/components/NoScript.js
FN:3,(anonymous_0)
FNF:1
FNH:1
FNDA:1,(anonymous_0)
DA:4,1
LF:1
LH:1
BRF:0
BRH:0
end_of_record
TN:
SF:src/components/PageHeader.js
FN:4,(anonymous_0)
FNF:1
FNH:1
FNDA:3,(anonymous_0)
DA:4,1
DA:5,3
DA:14,1
LF:3
LH:3
BRDA:7,0,0,3
BRDA:7,0,1,2
BRDA:8,1,0,3
BRDA:8,1,1,2
BRF:4
BRH:4
end_of_record
TN:
SF:src/components/PostCard.js
FN:11,(anonymous_0)
FN:21,(anonymous_1)
FNF:2
FNH:2
FNDA:9,(anonymous_0)
FNDA:45,(anonymous_1)
DA:9,1
DA:11,1
DA:12,9
DA:13,9
DA:14,9
DA:21,45
DA:25,9
DA:37,9
DA:45,9
DA:57,9
DA:70,1
DA:78,1
LF:12
LH:12
BRDA:17,0,0,7
BRDA:17,0,1,2
BRDA:18,1,0,7
BRDA:18,1,1,2
BRDA:19,2,0,4
BRDA:19,2,1,5
BRDA:28,3,0,9
BRDA:28,3,1,7
BRDA:37,4,0,7
BRDA:37,4,1,2
BRDA:45,5,0,2
BRDA:45,5,1,7
BRDA:47,6,0,2
BRDA:47,6,1,5
BRDA:59,7,0,7
BRDA:59,7,1,2
BRF:16
BRH:16
end_of_record
TN:
SF:src/components/PostFeed.js
FN:11,(anonymous_0)
FN:16,(anonymous_1)
FNF:2
FNH:2
FNDA:4,(anonymous_0)
FNDA:6,(anonymous_1)
DA:9,1
DA:11,1
DA:12,4
DA:17,6
DA:43,1
LF:5
LH:5
BRDA:13,0,0,4
BRDA:13,0,1,3
BRDA:13,0,2,3
BRDA:13,0,3,2
BRDA:28,1,0,4
BRDA:28,1,1,3
BRDA:28,1,2,3
BRDA:28,1,3,1
BRDA:34,2,0,4
BRDA:34,2,1,1
BRF:10
BRH:10
end_of_record
TN:
SF:src/components/PreviewableImage.js
FN:5,(anonymous_0)
FNF:1
FNH:1
FNDA:6,(anonymous_0)
DA:5,2
DA:7,6
DA:20,6
DA:32,2
LF:4
LH:4
BRDA:7,0,0,1
BRDA:7,0,1,5
BRDA:7,1,0,6
BRDA:7,1,1,6
BRDA:9,2,0,4
BRDA:9,2,1,1
BRDA:11,3,0,1
BRDA:11,3,1,0
BRDA:11,4,0,1
BRDA:11,4,1,1
BRDA:22,5,0,4
BRDA:22,5,1,2
BRDA:27,6,0,6
BRDA:27,6,1,5
BRF:14
BRH:13
end_of_record
TN:
SF:src/components/SEO.js
FN:12,(anonymous_0)
FN:20,(anonymous_1)
FN:59,(anonymous_2)
FN:79,(anonymous_3)
FNF:4
FNH:4
FNDA:5,(anonymous_0)
FNDA:2,(anonymous_1)
FNDA:10,(anonymous_2)
FNDA:6,(anonymous_3)
DA:12,1
DA:13,5
DA:14,5
DA:15,5
DA:18,1
DA:20,1
DA:37,2
DA:40,2
DA:42,2
DA:59,10
DA:63,2
DA:68,2
DA:70,2
DA:72,2
DA:74,2
DA:79,6
DA:82,2
DA:109,1
DA:120,1
LF:19
LH:19
BRDA:40,0,0,2
BRDA:40,0,1,0
BRDA:40,1,0,2
BRDA:40,1,1,2
BRDA:49,2,0,0
BRDA:49,2,1,2
BRDA:49,3,0,2
BRDA:49,3,1,2
BRDA:59,4,0,10
BRDA:59,4,1,10
BRDA:59,4,2,10
BRDA:63,5,0,2
BRDA:63,5,1,0
BRDA:68,6,0,2
BRDA:68,6,1,0
BRDA:68,7,0,2
BRDA:68,7,1,2
BRDA:77,8,0,2
BRDA:77,8,1,0
BRDA:77,9,0,2
BRDA:77,9,1,2
BRDA:96,10,0,2
BRDA:96,10,1,0
BRDA:100,11,0,2
BRDA:100,11,1,2
BRF:25
BRH:19
end_of_record
TN:
SF:src/components/ShortBiography.js
FN:8,(anonymous_0)
FNF:1
FNH:1
FNDA:2,(anonymous_0)
DA:8,1
DA:14,2
DA:38,1
LF:3
LH:3
BRDA:16,0,0,2
BRDA:16,0,1,1
BRDA:17,1,0,2
BRDA:17,1,1,1
BRDA:24,2,0,2
BRDA:24,2,1,1
BRDA:24,2,2,1
BRDA:24,2,3,1
BRDA:28,3,0,0
BRDA:28,3,1,1
BRF:10
BRH:9
end_of_record
TN:
SF:src/components/ThemeSwitcher.js
FN:8,(anonymous_0)
FN:52,(anonymous_1)
FN:69,(anonymous_2)
FN:74,(anonymous_3)
FN:83,(anonymous_4)
FN:88,(anonymous_5)
FNF:6
FNH:6
FNDA:4,(anonymous_0)
FNDA:1,(anonymous_1)
FNDA:1,(anonymous_2)
FNDA:8,(anonymous_3)
FNDA:1,(anonymous_4)
FNDA:8,(anonymous_5)
DA:8,1
DA:16,4
DA:18,4
DA:28,4
DA:38,4
DA:52,4
DA:53,1
DA:56,4
DA:70,1
DA:75,8
DA:84,1
DA:89,8
DA:99,1
LF:13
LH:13
BRDA:29,0,0,4
BRDA:29,0,1,0
BRDA:32,1,0,4
BRDA:32,1,1,0
BRDA:33,2,0,4
BRDA:33,2,1,0
BRDA:46,3,0,4
BRDA:46,3,1,0
BRDA:47,4,0,4
BRDA:47,4,1,0
BRDA:59,5,0,4
BRDA:59,5,1,0
BRF:12
BRH:6
end_of_record
TN:
SF:src/context/ThemeOptions.js
FN:6,(anonymous_0)
FNF:1
FNH:1
FNDA:1,(anonymous_0)
DA:4,1
DA:6,1
DA:12,1
DA:13,1
DA:14,1
DA:15,1
DA:17,1
LF:7
LH:7
BRF:0
BRH:0
end_of_record
TN:
SF:src/hooks/useNavPages.js
FN:3,(anonymous_0)
FN:19,(anonymous_1)
FN:26,(anonymous_2)
FNF:3
FNH:3
FNDA:1,(anonymous_0)
FNDA:5,(anonymous_1)
FNDA:9,(anonymous_2)
DA:4,1
DA:18,1
DA:19,1
DA:22,5
DA:26,9
DA:28,5
LF:6
LH:6
BRDA:22,0,0,1
BRDA:22,0,1,4
BRF:2
BRH:2
end_of_record
TN:
SF:src/hooks/useRecentPosts.js
FN:4,(anonymous_0)
FN:79,(anonymous_1)
FNF:2
FNH:2
FNDA:2,(anonymous_0)
FNDA:4,(anonymous_1)
DA:5,2
DA:73,2
DA:79,1
DA:83,4
DA:84,4
DA:89,4
DA:98,1
LF:7
LH:7
BRDA:73,0,0,1
BRDA:73,0,1,1
BRDA:74,1,0,2
BRDA:74,1,1,1
BRDA:74,1,2,1
BRDA:74,1,3,1
BRDA:90,2,0,4
BRDA:90,2,1,0
BRF:8
BRH:7
end_of_record
TN:
SF:src/hooks/useSiteData.js
FN:3,(anonymous_0)
FNF:1
FNH:1
FNDA:1,(anonymous_0)
DA:4,1
DA:57,1
LF:2
LH:2
BRF:0
BRH:0
end_of_record
TN:
SF:src/hooks/useSiteMeta.js
FN:3,(anonymous_0)
FNF:1
FNH:1
FNDA:1,(anonymous_0)
DA:4,1
DA:23,1
LF:2
LH:2
BRF:0
BRH:0
end_of_record
TN:
SF:src/hooks/useStructuredData.js
FN:1,(anonymous_0)
FN:9,(anonymous_1)
FN:18,(anonymous_2)
FN:26,(anonymous_3)
FN:54,(anonymous_4)
FNF:5
FNH:5
FNDA:1,(anonymous_0)
FNDA:1,(anonymous_1)
FNDA:1,(anonymous_2)
FNDA:1,(anonymous_3)
FNDA:1,(anonymous_4)
DA:1,1
DA:9,1
DA:18,1
DA:26,1
DA:36,1
DA:51,1
DA:54,1
DA:67,1
DA:88,1
DA:96,3
DA:97,3
DA:98,3
DA:100,3
DA:101,2
DA:102,1
DA:103,1
LF:16
LH:16
BRDA:100,0,0,2
BRDA:100,0,1,1
BRDA:100,1,0,3
BRDA:100,1,1,2
BRDA:102,2,0,1
BRDA:102,2,1,0
BRF:6
BRH:5
end_of_record
